[19:34:10] [modloading-worker-0/INFO] ========================================
[19:34:10] [modloading-worker-0/INFO] Minecraft: 1.20.1
[19:34:10] [modloading-worker-0/INFO] Side: server
[19:34:10] [modloading-worker-0/INFO] Development: false
[19:34:10] [modloading-worker-0/INFO] Version: 12.1.785
[19:34:10] [modloading-worker-0/INFO] Loader:
[19:34:10] [modloading-worker-0/INFO] - Forge: 47.3.11
[19:34:10] [modloading-worker-0/INFO] Dependencies:
[19:34:10] [modloading-worker-0/INFO] - Cloth Config: 11.1.118
[19:34:10] [modloading-worker-0/INFO] - Architectury: 9.2.14
[19:34:10] [modloading-worker-0/INFO] Mixin: 0.8.5
[19:34:10] [modloading-worker-0/INFO] OS: Linux 6.5.0-1025-azure (amd64)
[19:34:10] [modloading-worker-0/INFO] Java: 21.0.4 (Microsoft)
[19:34:10] [modloading-worker-0/INFO] ========================================
[19:34:10] [modloading-worker-0/INFO] Mods:
[19:34:10] [modloading-worker-0/INFO] - abridged: 1.1.1
[19:34:10] [modloading-worker-0/INFO] - additional_attributes: 1.2.1
[19:34:10] [modloading-worker-0/INFO] - advancementplaques: 1.6.7
[19:34:10] [modloading-worker-0/INFO] - aiimprovements: 0.5.2
[19:34:10] [modloading-worker-0/INFO] - alexscaves: 2.0.2
[19:34:10] [modloading-worker-0/INFO] - alexscaves_torpedoes: 1.0.2
[19:34:10] [modloading-worker-0/INFO] - amendments: 1.20-1.2.11
[19:34:10] [modloading-worker-0/INFO] - anvilrestoration: 2.3
[19:34:10] [modloading-worker-0/INFO] - apotheosis: 7.4.3
[19:34:10] [modloading-worker-0/INFO] - apotheosis_ascended: 1.20.1-1.6.0
[19:34:10] [modloading-worker-0/INFO] - apotheoticcreation: 1.0.1
[19:34:10] [modloading-worker-0/INFO] - apothic_amendments__enchanting: 0.1.4
[19:34:10] [modloading-worker-0/INFO] - apothic_sups_enchanting: 0.1.2
[19:34:10] [modloading-worker-0/INFO] - apothiccurios: 1.0.3d
[19:34:10] [modloading-worker-0/INFO] - appleskin: 2.5.1+mc1.20.1
[19:34:10] [modloading-worker-0/INFO] - aquamirae: 6.API15
[19:34:10] [modloading-worker-0/INFO] - architectury: 9.2.14
[19:34:10] [modloading-worker-0/INFO] - assortedlib: 3.0.1
[19:34:10] [modloading-worker-0/INFO] - assortedtools: 10.0.3
[19:34:10] [modloading-worker-0/INFO] - asynclocator: 1.3.0
[19:34:10] [modloading-worker-0/INFO] - attributefix: 21.0.4
[19:34:10] [modloading-worker-0/INFO] - attributeslib: 1.3.7
[19:34:10] [modloading-worker-0/INFO] - awesomedungeonend: 3.1.1
[19:34:10] [modloading-worker-0/INFO] - awesomedungeonnether: 3.1.1
[19:34:10] [modloading-worker-0/INFO] - bagus_lib: 1.20.1-5.3.0
[19:34:10] [modloading-worker-0/INFO] - balm: 7.3.9
[19:34:10] [modloading-worker-0/INFO] - beefix: 1.0.7
[19:34:10] [modloading-worker-0/INFO] - beekeeperhut: 2.0.1
[19:34:10] [modloading-worker-0/INFO] - betterchunkloading: 1.20.1-4.5
[19:34:10] [modloading-worker-0/INFO] - betterdungeons: 1.20-Forge-4.0.4
[19:34:10] [modloading-worker-0/INFO] - betterendcities: 1.0.0-1.20.1
[19:34:10] [modloading-worker-0/INFO] - betterendisland: 1.20-Forge-2.0.6
[19:34:10] [modloading-worker-0/INFO] - betterfortresses: 1.20-Forge-2.0.6
[19:34:10] [modloading-worker-0/INFO] - betterinvisibility: 1.0.4
[19:34:10] [modloading-worker-0/INFO] - betterjungletemples: 1.20-Forge-2.0.5
[19:34:10] [modloading-worker-0/INFO] - bettermineshafts: 1.20-Forge-4.0.4
[19:34:10] [modloading-worker-0/INFO] - betteroceanmonuments: 1.20-Forge-3.0.4
[19:34:10] [modloading-worker-0/INFO] - betterspawnercontrol: 4.6
[19:34:10] [modloading-worker-0/INFO] - betterstrongholds: 1.20-Forge-4.0.3
[19:34:10] [modloading-worker-0/INFO] - betterthanmending: 1.7.2
[19:34:10] [modloading-worker-0/INFO] - bettervillage: 3.1.0
[19:34:10] [modloading-worker-0/INFO] - betterwitchhuts: 1.20-Forge-3.0.3
[19:34:10] [modloading-worker-0/INFO] - bfendcities: 1.0
[19:34:10] [modloading-worker-0/INFO] - blasting_plus_mr: 1.1
[19:34:10] [modloading-worker-0/INFO] - bocchium: 1.20.1-0.0.3
[19:34:10] [modloading-worker-0/INFO] - bonusxp: 1.2.1-1.20-1.20.1
[19:34:10] [modloading-worker-0/INFO] - bookshelf: 20.2.13
[19:34:10] [modloading-worker-0/INFO] - brutes_dropscraps_mr: 1.1
[19:34:10] [modloading-worker-0/INFO] - canary: 0.3.3
[19:34:10] [modloading-worker-0/INFO] - carryon: 2.1.2.7
[19:34:10] [modloading-worker-0/INFO] - castle_in_the_sky: 1.20.1
[19:34:10] [modloading-worker-0/INFO] - cataclysm: 2.18
[19:34:10] [modloading-worker-0/INFO] - charmofundying: 6.5.0+1.20.1
[19:34:10] [modloading-worker-0/INFO] - chunksending: 1.20.1-2.8
[19:34:10] [modloading-worker-0/INFO] - citadel: 2.6.0
[19:34:10] [modloading-worker-0/INFO] - clickadv: 1.20.1-3.8
[19:34:10] [modloading-worker-0/INFO] - cloth_config: 11.1.118
[19:34:10] [modloading-worker-0/INFO] - clumps: 12.0.0.4
[19:34:10] [modloading-worker-0/INFO] - cobweb: 1.0.0
[19:34:10] [modloading-worker-0/INFO] - collective: 7.84
[19:34:10] [modloading-worker-0/INFO] - comforts: 6.4.0+1.20.1
[19:34:10] [modloading-worker-0/INFO] - connectedglass: 1.1.12
[19:34:10] [modloading-worker-0/INFO] - connectivity: 1.20.1-5.6
[19:34:10] [modloading-worker-0/INFO] - coroutil: 1.20.1-1.3.7
[19:34:10] [modloading-worker-0/INFO] - crackerslib: 1.20.1-0.4.1
[19:34:10] [modloading-worker-0/INFO] - create: 0.5.1.j
[19:34:10] [modloading-worker-0/INFO] - create_compressed: 1.0.1
[19:34:10] [modloading-worker-0/INFO] - create_connected: 0.9.2-mc1.20.1
[19:34:10] [modloading-worker-0/INFO] - create_crush_everything: 1.0.2
[19:34:10] [modloading-worker-0/INFO] - create_dragon_lib: 1.4.3
[19:34:10] [modloading-worker-0/INFO] - create_enchantment_industry: 1.2.9.d
[19:34:10] [modloading-worker-0/INFO] - create_more_automation: 0.3.0
[19:34:10] [modloading-worker-0/INFO] - create_nj: 1.1.4
[19:34:10] [modloading-worker-0/INFO] - create_sa: 2.0.5
[19:34:10] [modloading-worker-0/INFO] - create_upgraded_armor: 1.0.0
[19:34:10] [modloading-worker-0/INFO] - createaddition: 1.20.1-1.2.4c
[19:34:10] [modloading-worker-0/INFO] - createenchantablemachinery: 2.8.5
[19:34:10] [modloading-worker-0/INFO] - createendertransmission: 2.0.7-1.20.1
[19:34:10] [modloading-worker-0/INFO] - createhalitosis: 1.0.0
[19:34:10] [modloading-worker-0/INFO] - createliquidfuel: 2.1.1-1.20.1
[19:34:10] [modloading-worker-0/INFO] - creativecore: 2.12.22
[19:34:10] [modloading-worker-0/INFO] - cupboard: 1.20.1-2.7
[19:34:10] [modloading-worker-0/INFO] - curios: 5.10.0+1.20.1
[19:34:10] [modloading-worker-0/INFO] - cyclopscore: 1.19.5
[19:34:10] [modloading-worker-0/INFO] - dall: 1.0.0
[19:34:10] [modloading-worker-0/INFO] - deeperdarker: 1.3.2
[19:34:10] [modloading-worker-0/INFO] - deepslatecutting_forge: 1.7.0
[19:34:10] [modloading-worker-0/INFO] - design_decor: 0.4.0b
[19:34:10] [modloading-worker-0/INFO] - do_a_barrel_roll: 3.5.6+1.20.1
[19:34:10] [modloading-worker-0/INFO] - doubledoors: 5.9
[19:34:10] [modloading-worker-0/INFO] - dragon_mounts_patches: 1.0.0
[19:34:10] [modloading-worker-0/INFO] - dragonmounts: 1.2.3-beta
[19:34:10] [modloading-worker-0/INFO] - dramaticdoors: 1.20.1-3.2.8
[19:34:10] [modloading-worker-0/INFO] - dungeons_arise: 2.1.58-1.20.x
[19:34:10] [modloading-worker-0/INFO] - dungeons_arise_seven_seas: 1.0.2
[19:34:10] [modloading-worker-0/INFO] - dynamicvillage: 0.4
[19:34:10] [modloading-worker-0/INFO] - effs: 1.0.0
[19:34:10] [modloading-worker-0/INFO] - efm_compat: 2.0
[19:34:10] [modloading-worker-0/INFO] - emojiful: 4.2.0
[19:34:10] [modloading-worker-0/INFO] - emotecraft: 2.2.7-b.build.50
[19:34:10] [modloading-worker-0/INFO] - enchantwithmob: 1.20.1-11.13.1
[19:34:10] [modloading-worker-0/INFO] - epicfight: 20.9.4
[19:34:10] [modloading-worker-0/INFO] - explorify: 1.6.2
[19:34:10] [modloading-worker-0/INFO] - falchionmoveset: 20.8.1
[19:34:10] [modloading-worker-0/INFO] - fallingtrees: 0.12.7
[19:34:10] [modloading-worker-0/INFO] - fastfurnace: 8.0.2
[19:34:10] [modloading-worker-0/INFO] - fastpaintings: 1.20-1.2.7
[19:34:10] [modloading-worker-0/INFO] - fastsuite: 5.0.1
[19:34:10] [modloading-worker-0/INFO] - ferritecore: 6.0.1
[19:34:10] [modloading-worker-0/INFO] - flowerymooblooms: 2.0.2
[19:34:10] [modloading-worker-0/INFO] - flywheel: 0.6.11-13
[19:34:10] [modloading-worker-0/INFO] - forge: 47.3.11
[19:34:10] [modloading-worker-0/INFO] - friendlyfire: 18.0.7
[19:34:10] [modloading-worker-0/INFO] - friendsandfoes: 3.0.5
[19:34:10] [modloading-worker-0/INFO] - fullstackwatchdog: 1.0.1+1.19.2-forge
[19:34:10] [modloading-worker-0/INFO] - furnacerecycle: 2.5
[19:34:10] [modloading-worker-0/INFO] - fusion: 1.1.1
[19:34:10] [modloading-worker-0/INFO] - geckolib: 4.4.9
[19:34:10] [modloading-worker-0/INFO] - gpumemleakfix: 1.20.1-1.8
[19:34:10] [modloading-worker-0/INFO] - gravestone: 1.20.1-1.0.24
[19:34:10] [modloading-worker-0/INFO] - hearths: 1.0.1
[19:34:10] [modloading-worker-0/INFO] - hopo: 1.2.2
[19:34:10] [modloading-worker-0/INFO] - hoporp: 1.3.7
[19:34:10] [modloading-worker-0/INFO] - hopour: 1.1.4
[19:34:10] [modloading-worker-0/INFO] - horde_hoard: 1.1.0
[19:34:10] [modloading-worker-0/INFO] - iceberg: 1.1.21
[19:34:10] [modloading-worker-0/INFO] - immediatelyfast: 1.2.21+1.20.4
[19:34:10] [modloading-worker-0/INFO] - immersive_melodies: 0.3.0+1.20.1
[19:34:10] [modloading-worker-0/INFO] - immersive_paintings: 0.6.7+1.20.1
[19:34:10] [modloading-worker-0/INFO] - impactful: 20.8.3
[19:34:10] [modloading-worker-0/INFO] - improvedmobs: 1.20.1-1.13.0
[19:34:10] [modloading-worker-0/INFO] - imst_n: 1.1.0
[19:34:10] [modloading-worker-0/INFO] - incendium: 5.3.5
[19:34:10] [modloading-worker-0/INFO] - interiors: 0.5.6
[19:34:10] [modloading-worker-0/INFO] - ite: 1.0
[19:34:10] [modloading-worker-0/INFO] - itemphysic: 1.8.2
[19:34:10] [modloading-worker-0/INFO] - jade: 11.12.2+forge
[19:34:10] [modloading-worker-0/INFO] - jadeaddons: 5.3.1+forge
[19:34:10] [modloading-worker-0/INFO] - jeed: 1.20-2.2.2
[19:34:10] [modloading-worker-0/INFO] - jei: 15.9999
[19:34:10] [modloading-worker-0/INFO] - jeresources: 1.4.0.247
[19:34:10] [modloading-worker-0/INFO] - justenoughbreeding: 1.4.0
[19:34:10] [modloading-worker-0/INFO] - kotlinforforge: 4.11.0
[19:34:10] [modloading-worker-0/INFO] - krypton: 0.2.3
[19:34:10] [modloading-worker-0/INFO] - ksyxis: 1.3.2
[19:34:10] [modloading-worker-0/INFO] - kuma_api: 20.1.8
[19:34:10] [modloading-worker-0/INFO] - l2damagetracker: 0.3.7
[19:34:10] [modloading-worker-0/INFO] - l2itemselector: 0.1.9
[19:34:10] [modloading-worker-0/INFO] - l2library: 2.4.29
[19:34:10] [modloading-worker-0/INFO] - l2screentracker: 0.1.4
[19:34:10] [modloading-worker-0/INFO] - l2tabs: 0.3.3
[19:34:10] [modloading-worker-0/INFO] - legendary_monsters: 1.20.1
[19:34:10] [modloading-worker-0/INFO] - libipn: 4.0.2
[19:34:10] [modloading-worker-0/INFO] - libraryferret: 4.0.0
[19:34:10] [modloading-worker-0/INFO] - lionfishapi: 1.9
[19:34:10] [modloading-worker-0/INFO] - maxhealthfix: 12.0.3
[19:34:10] [modloading-worker-0/INFO] - memoryleakfix: 1.1.5
[19:34:10] [modloading-worker-0/INFO] - mes: 1.3.4-1.20-forge
[19:34:10] [modloading-worker-0/INFO] - minecraft: 1.20.1
[19:34:10] [modloading-worker-0/INFO] - mixinextras: 0.4.1
[19:34:10] [modloading-worker-0/INFO] - mixinsquared: 0.1.1
[19:34:10] [modloading-worker-0/INFO] - mns: 1.0.3-1.20-forge
[19:34:10] [modloading-worker-0/INFO] - mobtimizations: 1.20.1-1.0.0
[19:34:10] [modloading-worker-0/INFO] - moderately_enough_effect_desc: 3.3.0
[19:34:10] [modloading-worker-0/INFO] - modernfix: 5.19.5+mc1.20.1
[19:34:10] [modloading-worker-0/INFO] - modulargolems: 2.4.42
[19:34:10] [modloading-worker-0/INFO] - moonlight: 1.20-2.13.25
[19:34:10] [modloading-worker-0/INFO] - mowziesmobs: 1.6.4
[19:34:10] [modloading-worker-0/INFO] - moyai: 1.20-2.0.2
[19:34:10] [modloading-worker-0/INFO] - mr_blood_moon: 1.0.4
[19:34:10] [modloading-worker-0/INFO] - mr_cherry_villages: 1.0.3
[19:34:10] [modloading-worker-0/INFO] - mr_dungeons_andtavernsancientcityoverhaul: 1
[19:34:10] [modloading-worker-0/INFO] - mr_hostile_mobsimproveovertime: 1.9.1
[19:34:10] [modloading-worker-0/INFO] - mr_limitless: 1.1
[19:34:10] [modloading-worker-0/INFO] - mr_qraftyfied: 6
[19:34:10] [modloading-worker-0/INFO] - mr_qraftys_endvillages: 1
[19:34:10] [modloading-worker-0/INFO] - mr_stonecutter_damage: 1-mcmeta-12-41_1.19.4-1.20.5
[19:34:10] [modloading-worker-0/INFO] - mysticaloaktree: 1.20-1.11
[19:34:10] [modloading-worker-0/INFO] - nbc_mr: 1.0
[19:34:10] [modloading-worker-0/INFO] - nerb: 0.3
[19:34:10] [modloading-worker-0/INFO] - nocubescreateexp: 1.0.4
[19:34:10] [modloading-worker-0/INFO] - noisium: 2.3.0+mc1.20-1.20.1
[19:34:10] [modloading-worker-0/INFO] - nullscape: 1.2.8
[19:34:10] [modloading-worker-0/INFO] - obscure_api: 15
[19:34:10] [modloading-worker-0/INFO] - pandalib: 0.4.2
[19:34:10] [modloading-worker-0/INFO] - patchouli: 1.20.1-84-FORGE
[19:34:10] [modloading-worker-0/INFO] - pingwheel: 1.9.1
[19:34:10] [modloading-worker-0/INFO] - placebo: 8.6.2
[19:34:10] [modloading-worker-0/INFO] - playeranimator: 1.0.2-rc1+1.20
[19:34:10] [modloading-worker-0/INFO] - polymorph: 0.49.5+1.20.1
[19:34:10] [modloading-worker-0/INFO] - potacore: 0.2.8-universal
[19:34:10] [modloading-worker-0/INFO] - protection_pixel: 1.0.9
[19:34:10] [modloading-worker-0/INFO] - puzzlesaccessapi: 8.0.7
[19:34:10] [modloading-worker-0/INFO] - puzzleslib: 8.1.24
[19:34:10] [modloading-worker-0/INFO] - railways: 1.6.7+forge-mc1.20.1
[19:34:10] [modloading-worker-0/INFO] - random_mob_sizes: 1.20.1-2.2.2
[19:34:10] [modloading-worker-0/INFO] - rch_supplementaries_compat: 1.0.0
[19:34:10] [modloading-worker-0/INFO] - rechiseled: 1.1.6
[19:34:10] [modloading-worker-0/INFO] - rechiseledcreate: 1.0.2
[19:34:10] [modloading-worker-0/INFO] - rei_plugin_compatibilities: 12.0.93
[19:34:10] [modloading-worker-0/INFO] - resourcefulconfig: 2.1.2
[19:34:10] [modloading-worker-0/INFO] - resourcefullib: 2.1.29
[19:34:10] [modloading-worker-0/INFO] - ribbits: 1.20.1-Forge-3.0.0
[19:34:10] [modloading-worker-0/INFO] - rightclickharvest: 3.2.3+1.20.1-forge
[19:34:10] [modloading-worker-0/INFO] - roughlyenoughitems: 12.1.785
[19:34:10] [modloading-worker-0/INFO] - roughlyenoughprofessions: 2.0.2
[19:34:10] [modloading-worker-0/INFO] - saturn: 0.1.3
[19:34:10] [modloading-worker-0/INFO] - secondchanceforge: 1.5.1
[19:34:10] [modloading-worker-0/INFO] - servercore: 1.5.1+1.20.1
[19:34:10] [modloading-worker-0/INFO] - shulkerboxslot: 5.2.0+1.20.1
[19:34:10] [modloading-worker-0/INFO] - shulkerboxtooltip: 4.0.4+1.20.1
[19:34:10] [modloading-worker-0/INFO] - skinrestorer: 2.0.3+1.20
[19:34:10] [modloading-worker-0/INFO] - smallernetherportals: 3.8
[19:34:10] [modloading-worker-0/INFO] - smoothboot: 0.0.4
[19:34:10] [modloading-worker-0/INFO] - smoothchunk: 1.20.1-3.6
[19:34:10] [modloading-worker-0/INFO] - soul_fire_d: 4.0.6
[19:34:10] [modloading-worker-0/INFO] - soulbound: 1.0.0
[19:34:10] [modloading-worker-0/INFO] - sound_physics_remastered: 1.20.1-1.4.5
[19:34:10] [modloading-worker-0/INFO] - spark: 1.10.53
[19:34:10] [modloading-worker-0/INFO] - spectrelib: 0.13.17+1.20.1
[19:34:10] [modloading-worker-0/INFO] - spyglass_improvements: 1.5+mc1.20+forge
[19:34:10] [modloading-worker-0/INFO] - stackablepotions: 1.0.0
[19:34:10] [modloading-worker-0/INFO] - starlight: 1.1.2+forge.1cda73c
[19:34:10] [modloading-worker-0/INFO] - structureessentials: 1.20.1-3.4
[19:34:10] [modloading-worker-0/INFO] - suggestion_tweaker: 1.20-1.5.2
[19:34:10] [modloading-worker-0/INFO] - supermartijn642configlib: 1.1.8
[19:34:10] [modloading-worker-0/INFO] - supermartijn642corelib: 1.1.17+a
[19:34:10] [modloading-worker-0/INFO] - supplementaries: 1.20-3.1.5
[19:34:10] [modloading-worker-0/INFO] - suppsquared: 1.20-1.1.15
[19:34:10] [modloading-worker-0/INFO] - tact: 1.2.1
[19:34:10] [modloading-worker-0/INFO] - taxfreelevels: 1.4.1
[19:34:10] [modloading-worker-0/INFO] - tectonic: 2.4.1
[19:34:10] [modloading-worker-0/INFO] - tempad: 2.3.4
[19:34:10] [modloading-worker-0/INFO] - tenshilib: 1.20.1-1.7.6
[19:34:10] [modloading-worker-0/INFO] - terrablender: 3.0.1.7
[19:34:10] [modloading-worker-0/INFO] - terralith: 2.5.4
[19:34:10] [modloading-worker-0/INFO] - tipsylib: 2.0.9
[19:34:10] [modloading-worker-0/INFO] - toofast: 0.4.3.5
[19:34:10] [modloading-worker-0/INFO] - trashslot: 15.1.0
[19:34:10] [modloading-worker-0/INFO] - uchicraftana: 1.0.1
[19:34:10] [modloading-worker-0/INFO] - underground_bunkers: 1.0.5
[19:34:10] [modloading-worker-0/INFO] - vanilla_degus: 1.5.1
[19:34:10] [modloading-worker-0/INFO] - visualworkbench: 8.0.0
[19:34:10] [modloading-worker-0/INFO] - wandering_bags: 2.0.7
[19:34:10] [modloading-worker-0/INFO] - waterframes: 2.1.7a
[19:34:10] [modloading-worker-0/INFO] - wegotrunnners: 1.0.0
[19:34:10] [modloading-worker-0/INFO] - witherstormmod: 4.2.1
[19:34:10] [modloading-worker-0/INFO] - wits: 1.1.0+1.20.1-forge
[19:34:10] [modloading-worker-0/INFO] - wom: 20.1.8.5.6
[19:34:10] [modloading-worker-0/INFO] - wso16: 1.1
[19:34:10] [modloading-worker-0/INFO] - yungsapi: 1.20-Forge-4.0.6
[19:34:10] [modloading-worker-0/INFO] - yungsbridges: 1.20-Forge-4.0.3
[19:34:10] [modloading-worker-0/INFO] ========================================
[19:34:10] [modloading-worker-0/INFO] [REI] Registered plugin provider DefaultPluginImpl [roughlyenoughitems] for REIServerPlugin
[19:34:10] [modloading-worker-0/INFO] [REI] Registered plugin provider DefaultPluginImpl [roughlyenoughitems] for REIPlugin
[19:34:10] [modloading-worker-0/INFO] [REI] Registered plugin provider DefaultRuntimePlugin [roughlyenoughitems] for REIServerPlugin
[19:34:10] [modloading-worker-0/INFO] [REI] Registered plugin provider DefaultRuntimePlugin [roughlyenoughitems] for REIPlugin
[19:34:22] [Worker-Main-2/DEBUG] [REI] Processed 1 tags in 579.2 μs for minecraft:potion
[19:34:22] [Worker-Main-4/DEBUG] [REI] Processed 0 tags in 6.362 μs for minecraft:worldgen/density_function
[19:34:22] [Worker-Main-4/DEBUG] [REI] Processed 7 tags in 185.8 μs for minecraft:game_event
[19:34:22] [Worker-Main-3/DEBUG] [REI] Processed 96 tags in 1.493 ms for minecraft:entity_type
[19:34:22] [Worker-Main-4/DEBUG] [REI] Processed 0 tags in 14.01 μs for minecraft:worldgen/structure_set
[19:34:22] [Worker-Main-4/DEBUG] [REI] Processed 1 tags in 13.95 μs for minecraft:enchantment
[19:34:22] [Worker-Main-4/DEBUG] [REI] Processed 0 tags in 10.35 μs for minecraft:dimension_type
[19:34:22] [Worker-Main-4/DEBUG] [REI] Processed 1 tags in 15.81 μs for minecraft:recipe_serializer
[19:34:22] [Worker-Main-4/DEBUG] [REI] Processed 0 tags in 59.38 μs for minecraft:worldgen/structure
[19:34:22] [Worker-Main-4/DEBUG] [REI] Processed 0 tags in 24.14 μs for moonlight:soft_fluids
[19:34:22] [Worker-Main-2/DEBUG] [REI] Processed 2 tags in 30.43 μs for minecraft:cat_variant
[19:34:22] [Worker-Main-2/DEBUG] [REI] Processed 2 tags in 31.64 μs for minecraft:attribute
[19:34:22] [Worker-Main-3/DEBUG] [REI] Processed 607 tags in 13.11 ms for minecraft:block
[19:34:22] [Worker-Main-2/DEBUG] [REI] Processed 0 tags in 7.884 μs for minecraft:worldgen/flat_level_generator_preset
[19:34:22] [Worker-Main-2/DEBUG] [REI] Processed 4 tags in 49.95 μs for minecraft:mob_effect
[19:34:22] [Worker-Main-3/DEBUG] [REI] Processed 2 tags in 42.93 μs for minecraft:painting_variant
[19:34:22] [Worker-Main-2/DEBUG] [REI] Processed 19 tags in 53.54 μs for minecraft:fluid
[19:34:22] [Worker-Main-3/DEBUG] [REI] Processed 7 tags in 68.75 μs for minecraft:banner_pattern
[19:34:22] [Worker-Main-3/DEBUG] [REI] Processed 4 tags in 131.6 μs for minecraft:point_of_interest_type
[19:34:22] [Worker-Main-2/DEBUG] [REI] Processed 0 tags in 135.9 μs for minecraft:worldgen/biome
[19:34:23] [Worker-Main-3/DEBUG] [REI] Processed 4 tags in 24.68 μs for minecraft:instrument
[19:34:23] [Worker-Main-3/DEBUG] [REI] Processed 0 tags in 11.65 μs for minecraft:worldgen/world_preset
[19:34:23] [Worker-Main-4/DEBUG] [REI] Processed 802 tags in 14.28 ms for minecraft:item
[19:34:23] [Worker-Main-3/DEBUG] [REI] Processed 0 tags in 14.57 μs for minecraft:damage_type
[19:34:36] [main/DEBUG] [REI] Starting Reload Plugins of stage null
java.lang.Throwable
	at TRANSFORMER/roughlyenoughitems@12.1.785/me.shedaniel.rei.impl.common.plugins.ReloadManagerImpl.reloadPlugins(ReloadManagerImpl.java:110)
	at TRANSFORMER/roughlyenoughitems@12.1.785/me.shedaniel.rei.RoughlyEnoughItemsCore.lambda$onInitialize$5(RoughlyEnoughItemsCore.java:163)
	at java.base/java.util.concurrent.CompletableFuture$UniRun.tryFire(CompletableFuture.java:787)
	at java.base/java.util.concurrent.CompletableFuture$Completion.run(CompletableFuture.java:482)
	at TRANSFORMER/minecraft@1.20.1/net.minecraft.server.packs.resources.SimpleReloadInstance.m_143940_(SimpleReloadInstance.java:69)
	at TRANSFORMER/minecraft@1.20.1/net.minecraft.Util.m_214652_(Util.java:783)
	at TRANSFORMER/minecraft@1.20.1/net.minecraft.Util.m_214679_(Util.java:772)
	at TRANSFORMER/minecraft@1.20.1/net.minecraft.server.Main.main(Main.java:166)
	at java.base/jdk.internal.reflect.DirectMethodHandleAccessor.invoke(DirectMethodHandleAccessor.java:103)
	at java.base/java.lang.reflect.Method.invoke(Method.java:580)
	at MC-BOOTSTRAP/fmlloader@1.20.1-47.3.11/net.minecraftforge.fml.loading.targets.CommonLaunchHandler.runTarget(CommonLaunchHandler.java:111)
	at MC-BOOTSTRAP/fmlloader@1.20.1-47.3.11/net.minecraftforge.fml.loading.targets.CommonLaunchHandler.serverService(CommonLaunchHandler.java:103)
	at MC-BOOTSTRAP/fmlloader@1.20.1-47.3.11/net.minecraftforge.fml.loading.targets.CommonServerLaunchHandler.lambda$makeService$0(CommonServerLaunchHandler.java:27)
	at MC-BOOTSTRAP/cpw.mods.modlauncher@10.0.9/cpw.mods.modlauncher.LaunchServiceHandlerDecorator.launch(LaunchServiceHandlerDecorator.java:30)
	at MC-BOOTSTRAP/cpw.mods.modlauncher@10.0.9/cpw.mods.modlauncher.LaunchServiceHandler.launch(LaunchServiceHandler.java:53)
	at MC-BOOTSTRAP/cpw.mods.modlauncher@10.0.9/cpw.mods.modlauncher.LaunchServiceHandler.launch(LaunchServiceHandler.java:71)
	at MC-BOOTSTRAP/cpw.mods.modlauncher@10.0.9/cpw.mods.modlauncher.Launcher.run(Launcher.java:108)
	at MC-BOOTSTRAP/cpw.mods.modlauncher@10.0.9/cpw.mods.modlauncher.Launcher.main(Launcher.java:78)
	at MC-BOOTSTRAP/cpw.mods.modlauncher@10.0.9/cpw.mods.modlauncher.BootstrapLaunchConsumer.accept(BootstrapLaunchConsumer.java:26)
	at MC-BOOTSTRAP/cpw.mods.modlauncher@10.0.9/cpw.mods.modlauncher.BootstrapLaunchConsumer.accept(BootstrapLaunchConsumer.java:23)
	at cpw.mods.bootstraplauncher@1.1.2/cpw.mods.bootstraplauncher.BootstrapLauncher.main(BootstrapLauncher.java:141)
[19:34:36] [main/DEBUG] [REI] ========================================
[19:34:36] [main/DEBUG] [REI] REIPlugin starting pre-reload for START.
[19:34:36] [main/DEBUG] [REI] Reloadables (7):
[19:34:36] [main/DEBUG] [REI]  - EntryTypeRegistryImpl
[19:34:36] [main/DEBUG] [REI]  - EntrySettingsAdapterRegistryImpl
[19:34:36] [main/DEBUG] [REI]  - RecipeManagerContextImpl
[19:34:36] [main/DEBUG] [REI]  - ItemComparatorRegistryImpl
[19:34:36] [main/DEBUG] [REI]  - FluidComparatorRegistryImpl
[19:34:36] [main/DEBUG] [REI]  - DisplaySerializerRegistryImpl
[19:34:36] [main/DEBUG] [REI]  - FluidSupportProviderImpl
[19:34:36] [main/DEBUG] [REI] Plugins (2):
[19:34:36] [main/DEBUG] [REI]  - (-100.00) DefaultPluginImpl of DefaultPluginImpl [roughlyenoughitems]
[19:34:36] [main/DEBUG] [REI]  - (0.00) DefaultRuntimePlugin of DefaultRuntimePlugin [roughlyenoughitems]
[19:34:36] [main/DEBUG] [REI] ========================================
[19:34:36] [main/TRACE] [REI] [REIPlugin START] Reloading Section: "pre-register/"
[19:34:36] [main/TRACE] [REI] [REIPlugin START] Reloading Section: "pre-register/DefaultPluginImpl of DefaultPluginImpl [roughlyenoughitems]/"
[19:34:36] [main/TRACE] [REI] [REIPlugin START] Reloading Section: "pre-register/DefaultPluginImpl of DefaultPluginImpl [roughlyenoughitems]/" done in 671.7 μs
[19:34:36] [main/TRACE] [REI] [REIPlugin START] Reloading Section: "pre-register/DefaultRuntimePlugin of DefaultRuntimePlugin [roughlyenoughitems]/"
[19:34:36] [main/TRACE] [REI] [REIPlugin START] Reloading Section: "pre-register/DefaultRuntimePlugin of DefaultRuntimePlugin [roughlyenoughitems]/" done in 64.15 μs
[19:34:36] [main/TRACE] [REI] [REIPlugin START] Reloading Section: "pre-register/" done in 10.62 ms
[19:34:36] [main/TRACE] [REI] [REIPlugin START] Reloading Section: "pre-stage/"
[19:34:36] [main/TRACE] [REI] [REIPlugin START] Reloading Section: "pre-stage/EntryTypeRegistryImpl/"
[19:34:36] [main/TRACE] [REI] [REIPlugin START] Reloading Section: "pre-stage/EntryTypeRegistryImpl/" done in 212.4 μs
[19:34:36] [main/TRACE] [REI] [REIPlugin START] Reloading Section: "pre-stage/EntrySettingsAdapterRegistryImpl/"
[19:34:36] [main/TRACE] [REI] [REIPlugin START] Reloading Section: "pre-stage/EntrySettingsAdapterRegistryImpl/" done in 42.19 μs
[19:34:36] [main/TRACE] [REI] [REIPlugin START] Reloading Section: "pre-stage/RecipeManagerContextImpl/"
[19:34:36] [main/TRACE] [REI] [REIPlugin START] Reloading Section: "pre-stage/RecipeManagerContextImpl/" done in 64.38 μs
[19:34:36] [main/TRACE] [REI] [REIPlugin START] Reloading Section: "pre-stage/ItemComparatorRegistryImpl/"
[19:34:36] [main/TRACE] [REI] [REIPlugin START] Reloading Section: "pre-stage/ItemComparatorRegistryImpl/" done in 51.98 μs
[19:34:36] [main/TRACE] [REI] [REIPlugin START] Reloading Section: "pre-stage/FluidComparatorRegistryImpl/"
[19:34:36] [main/TRACE] [REI] [REIPlugin START] Reloading Section: "pre-stage/FluidComparatorRegistryImpl/" done in 51.55 μs
[19:34:36] [main/TRACE] [REI] [REIPlugin START] Reloading Section: "pre-stage/DisplaySerializerRegistryImpl/"
[19:34:36] [main/TRACE] [REI] [REIPlugin START] Reloading Section: "pre-stage/DisplaySerializerRegistryImpl/" done in 56.40 μs
[19:34:36] [main/TRACE] [REI] [REIPlugin START] Reloading Section: "pre-stage/FluidSupportProviderImpl/"
[19:34:36] [main/TRACE] [REI] [REIPlugin START] Reloading Section: "pre-stage/FluidSupportProviderImpl/" done in 48.19 μs
[19:34:36] [main/TRACE] [REI] [REIPlugin START] Reloading Section: "pre-stage/" done in 1.198 ms
[19:34:36] [main/DEBUG] [REI] ========================================
[19:34:36] [main/DEBUG] [REI] REIPlugin finished pre-reload for START in 12.33 ms.
[19:34:36] [main/DEBUG] [REI] ========================================
[19:34:36] [main/DEBUG] [REI] ========================================
[19:34:36] [main/DEBUG] [REI] REIServerPlugin starting pre-reload for START.
[19:34:36] [main/DEBUG] [REI] Reloadables (2):
[19:34:36] [main/DEBUG] [REI]  - MenuInfoRegistryImpl
[19:34:36] [main/DEBUG] [REI]  - SlotAccessorRegistryImpl
[19:34:36] [main/DEBUG] [REI] Plugins (2):
[19:34:36] [main/DEBUG] [REI]  - (-100.00) DefaultPluginImpl of DefaultPluginImpl [roughlyenoughitems]
[19:34:36] [main/DEBUG] [REI]  - (0.00) DefaultRuntimePlugin of DefaultRuntimePlugin [roughlyenoughitems]
[19:34:36] [main/DEBUG] [REI] ========================================
[19:34:36] [main/TRACE] [REI] [REIServerPlugin START] Reloading Section: "pre-register/"
[19:34:36] [main/TRACE] [REI] [REIServerPlugin START] Reloading Section: "pre-register/DefaultPluginImpl of DefaultPluginImpl [roughlyenoughitems]/"
[19:34:36] [main/TRACE] [REI] [REIServerPlugin START] Reloading Section: "pre-register/DefaultPluginImpl of DefaultPluginImpl [roughlyenoughitems]/" done in 48.30 μs
[19:34:36] [main/TRACE] [REI] [REIServerPlugin START] Reloading Section: "pre-register/DefaultRuntimePlugin of DefaultRuntimePlugin [roughlyenoughitems]/"
[19:34:36] [main/TRACE] [REI] [REIServerPlugin START] Reloading Section: "pre-register/DefaultRuntimePlugin of DefaultRuntimePlugin [roughlyenoughitems]/" done in 50.89 μs
[19:34:36] [main/TRACE] [REI] [REIServerPlugin START] Reloading Section: "pre-register/" done in 367.2 μs
[19:34:36] [main/TRACE] [REI] [REIServerPlugin START] Reloading Section: "pre-stage/"
[19:34:36] [main/TRACE] [REI] [REIServerPlugin START] Reloading Section: "pre-stage/MenuInfoRegistryImpl/"
[19:34:36] [main/TRACE] [REI] [REIServerPlugin START] Reloading Section: "pre-stage/MenuInfoRegistryImpl/" done in 36.96 μs
[19:34:36] [main/TRACE] [REI] [REIServerPlugin START] Reloading Section: "pre-stage/SlotAccessorRegistryImpl/"
[19:34:36] [main/TRACE] [REI] [REIServerPlugin START] Reloading Section: "pre-stage/SlotAccessorRegistryImpl/" done in 36.08 μs
[19:34:36] [main/TRACE] [REI] [REIServerPlugin START] Reloading Section: "pre-stage/" done in 212.0 μs
[19:34:36] [main/DEBUG] [REI] ========================================
[19:34:36] [main/DEBUG] [REI] REIServerPlugin finished pre-reload for START in 697.4 μs.
[19:34:36] [main/DEBUG] [REI] ========================================
[19:34:36] [main/INFO] [REI] ########################################
[19:34:36] [main/INFO] [REI] REIPlugin starting main-reload for START.
[19:34:36] [main/DEBUG] [REI] Reloadables (7):
[19:34:36] [main/DEBUG] [REI]  - EntryTypeRegistryImpl
[19:34:36] [main/DEBUG] [REI]  - EntrySettingsAdapterRegistryImpl
[19:34:36] [main/DEBUG] [REI]  - RecipeManagerContextImpl
[19:34:36] [main/DEBUG] [REI]  - ItemComparatorRegistryImpl
[19:34:36] [main/DEBUG] [REI]  - FluidComparatorRegistryImpl
[19:34:36] [main/DEBUG] [REI]  - DisplaySerializerRegistryImpl
[19:34:36] [main/DEBUG] [REI]  - FluidSupportProviderImpl
[19:34:36] [main/INFO] [REI] Plugins (2):
[19:34:36] [main/INFO] [REI]  - (-100.00) DefaultPluginImpl of DefaultPluginImpl [roughlyenoughitems]
[19:34:36] [main/INFO] [REI]  - (0.00) DefaultRuntimePlugin of DefaultRuntimePlugin [roughlyenoughitems]
[19:34:36] [main/INFO] [REI] ########################################
[19:34:36] [main/TRACE] [REI] [REIPlugin START] Reloading Section: "start-reload/"
[19:34:36] [main/TRACE] [REI] [REIPlugin START] Reloading Section: "start-reload/EntryTypeRegistryImpl/"
[19:34:36] [main/TRACE] [REI] [REIPlugin START] Reloading Section: "start-reload/EntryTypeRegistryImpl/" done in 80.19 μs
[19:34:36] [main/TRACE] [REI] [REIPlugin START] Reloading Section: "start-reload/EntrySettingsAdapterRegistryImpl/"
[19:34:36] [main/TRACE] [REI] [REIPlugin START] Reloading Section: "start-reload/EntrySettingsAdapterRegistryImpl/" done in 47.10 μs
[19:34:36] [main/TRACE] [REI] [REIPlugin START] Reloading Section: "start-reload/RecipeManagerContextImpl/"
[19:34:36] [main/TRACE] [REI] [REIPlugin START] Reloading Section: "start-reload/RecipeManagerContextImpl/" done in 38.81 μs
[19:34:36] [main/TRACE] [REI] [REIPlugin START] Reloading Section: "start-reload/ItemComparatorRegistryImpl/"
[19:34:36] [main/TRACE] [REI] [REIPlugin START] Reloading Section: "start-reload/ItemComparatorRegistryImpl/" done in 64.15 μs
[19:34:36] [main/TRACE] [REI] [REIPlugin START] Reloading Section: "start-reload/FluidComparatorRegistryImpl/"
[19:34:36] [main/TRACE] [REI] [REIPlugin START] Reloading Section: "start-reload/FluidComparatorRegistryImpl/" done in 48.08 μs
[19:34:36] [main/TRACE] [REI] [REIPlugin START] Reloading Section: "start-reload/DisplaySerializerRegistryImpl/"
[19:34:36] [main/TRACE] [REI] [REIPlugin START] Reloading Section: "start-reload/DisplaySerializerRegistryImpl/" done in 40.21 μs
[19:34:36] [main/TRACE] [REI] [REIPlugin START] Reloading Section: "start-reload/FluidSupportProviderImpl/"
[19:34:36] [main/TRACE] [REI] [REIPlugin START] Reloading Section: "start-reload/FluidSupportProviderImpl/" done in 54.12 μs
[19:34:36] [main/TRACE] [REI] [REIPlugin START] Reloading Section: "start-reload/" done in 923.5 μs
[19:34:36] [main/DEBUG] [REI] ========================================
[19:34:36] [main/DEBUG] [REI] REIPlugin started main-reload for START.
[19:34:36] [main/DEBUG] [REI] ========================================
[19:34:36] [main/TRACE] [REI] [REIPlugin START] Reloading Section: "reloadable-plugin/EntryTypeRegistryImpl/"
[19:34:36] [main/TRACE] [REI] [REIPlugin START] Reloading Section: "reloadable-plugin/EntryTypeRegistryImpl/DefaultPluginImpl of DefaultPluginImpl [roughlyenoughitems]/"
[19:34:36] [main/TRACE] [REI] [REIPlugin START] Reloading Section: "reloadable-plugin/EntryTypeRegistryImpl/DefaultPluginImpl of DefaultPluginImpl [roughlyenoughitems]/" done in 219.2 μs
[19:34:36] [main/TRACE] [REI] [REIPlugin START] Reloading Section: "reloadable-plugin/EntryTypeRegistryImpl/DefaultRuntimePlugin of DefaultRuntimePlugin [roughlyenoughitems]/"
[19:34:36] [main/TRACE] [REI] [REIPlugin START] Reloading Section: "reloadable-plugin/EntryTypeRegistryImpl/DefaultRuntimePlugin of DefaultRuntimePlugin [roughlyenoughitems]/" done in 4.510 ms
[19:34:36] [main/TRACE] [REI] [REIPlugin START] Reloading Section: "reloadable-plugin/EntryTypeRegistryImpl/" done in 5.519 ms
[19:34:36] [main/TRACE] [REI] [REIPlugin START] Reloading Section: "reloadable-plugin/EntrySettingsAdapterRegistryImpl/"
[19:34:36] [main/TRACE] [REI] [REIPlugin START] Reloading Section: "reloadable-plugin/EntrySettingsAdapterRegistryImpl/DefaultPluginImpl of DefaultPluginImpl [roughlyenoughitems]/"
[19:34:36] [main/TRACE] [REI] [REIPlugin START] Reloading Section: "reloadable-plugin/EntrySettingsAdapterRegistryImpl/DefaultPluginImpl of DefaultPluginImpl [roughlyenoughitems]/" done in 60.26 μs
[19:34:36] [main/TRACE] [REI] [REIPlugin START] Reloading Section: "reloadable-plugin/EntrySettingsAdapterRegistryImpl/DefaultRuntimePlugin of DefaultRuntimePlugin [roughlyenoughitems]/"
[19:34:36] [main/TRACE] [REI] [REIPlugin START] Reloading Section: "reloadable-plugin/EntrySettingsAdapterRegistryImpl/DefaultRuntimePlugin of DefaultRuntimePlugin [roughlyenoughitems]/" done in 44.82 μs
[19:34:36] [main/TRACE] [REI] [REIPlugin START] Reloading Section: "reloadable-plugin/EntrySettingsAdapterRegistryImpl/" done in 339.5 μs
[19:34:36] [main/TRACE] [REI] [REIPlugin START] Reloading Section: "reloadable-plugin/RecipeManagerContextImpl/"
[19:34:36] [main/TRACE] [REI] [REIPlugin START] Reloading Section: "reloadable-plugin/RecipeManagerContextImpl/DefaultPluginImpl of DefaultPluginImpl [roughlyenoughitems]/"
[19:34:36] [main/TRACE] [REI] [REIPlugin START] Reloading Section: "reloadable-plugin/RecipeManagerContextImpl/DefaultPluginImpl of DefaultPluginImpl [roughlyenoughitems]/" done in 43.10 μs
[19:34:36] [main/TRACE] [REI] [REIPlugin START] Reloading Section: "reloadable-plugin/RecipeManagerContextImpl/DefaultRuntimePlugin of DefaultRuntimePlugin [roughlyenoughitems]/"
[19:34:36] [main/TRACE] [REI] [REIPlugin START] Reloading Section: "reloadable-plugin/RecipeManagerContextImpl/DefaultRuntimePlugin of DefaultRuntimePlugin [roughlyenoughitems]/" done in 39.20 μs
[19:34:36] [main/TRACE] [REI] [REIPlugin START] Reloading Section: "reloadable-plugin/RecipeManagerContextImpl/" done in 248.2 μs
[19:34:36] [main/TRACE] [REI] [REIPlugin START] Reloading Section: "reloadable-plugin/ItemComparatorRegistryImpl/"
[19:34:36] [main/TRACE] [REI] [REIPlugin START] Reloading Section: "reloadable-plugin/ItemComparatorRegistryImpl/DefaultPluginImpl of DefaultPluginImpl [roughlyenoughitems]/"
[19:34:36] [main/TRACE] [REI] [REIPlugin START] Reloading Section: "reloadable-plugin/ItemComparatorRegistryImpl/DefaultPluginImpl of DefaultPluginImpl [roughlyenoughitems]/" done in 719.9 μs
[19:34:36] [main/TRACE] [REI] [REIPlugin START] Reloading Section: "reloadable-plugin/ItemComparatorRegistryImpl/DefaultRuntimePlugin of DefaultRuntimePlugin [roughlyenoughitems]/"
[19:34:36] [main/TRACE] [REI] [REIPlugin START] Reloading Section: "reloadable-plugin/ItemComparatorRegistryImpl/DefaultRuntimePlugin of DefaultRuntimePlugin [roughlyenoughitems]/" done in 51.07 μs
[19:34:36] [main/TRACE] [REI] [REIPlugin START] Reloading Section: "reloadable-plugin/ItemComparatorRegistryImpl/" done in 969.3 μs
[19:34:36] [main/TRACE] [REI] [REIPlugin START] Reloading Section: "reloadable-plugin/FluidComparatorRegistryImpl/"
[19:34:36] [main/TRACE] [REI] [REIPlugin START] Reloading Section: "reloadable-plugin/FluidComparatorRegistryImpl/DefaultPluginImpl of DefaultPluginImpl [roughlyenoughitems]/"
[19:34:36] [main/TRACE] [REI] [REIPlugin START] Reloading Section: "reloadable-plugin/FluidComparatorRegistryImpl/DefaultPluginImpl of DefaultPluginImpl [roughlyenoughitems]/" done in 45.61 μs
[19:34:36] [main/TRACE] [REI] [REIPlugin START] Reloading Section: "reloadable-plugin/FluidComparatorRegistryImpl/DefaultRuntimePlugin of DefaultRuntimePlugin [roughlyenoughitems]/"
[19:34:36] [main/TRACE] [REI] [REIPlugin START] Reloading Section: "reloadable-plugin/FluidComparatorRegistryImpl/DefaultRuntimePlugin of DefaultRuntimePlugin [roughlyenoughitems]/" done in 42.87 μs
[19:34:36] [main/TRACE] [REI] [REIPlugin START] Reloading Section: "reloadable-plugin/FluidComparatorRegistryImpl/" done in 260.2 μs
[19:34:36] [main/TRACE] [REI] [REIPlugin START] Reloading Section: "reloadable-plugin/DisplaySerializerRegistryImpl/"
[19:34:36] [main/TRACE] [REI] [REIPlugin START] Reloading Section: "reloadable-plugin/DisplaySerializerRegistryImpl/DefaultPluginImpl of DefaultPluginImpl [roughlyenoughitems]/"
[19:34:36] [main/TRACE] [REI] [REIPlugin START] Reloading Section: "reloadable-plugin/DisplaySerializerRegistryImpl/DefaultPluginImpl of DefaultPluginImpl [roughlyenoughitems]/" done in 37.80 μs
[19:34:36] [main/TRACE] [REI] [REIPlugin START] Reloading Section: "reloadable-plugin/DisplaySerializerRegistryImpl/DefaultRuntimePlugin of DefaultRuntimePlugin [roughlyenoughitems]/"
[19:34:36] [main/TRACE] [REI] [REIPlugin START] Reloading Section: "reloadable-plugin/DisplaySerializerRegistryImpl/DefaultRuntimePlugin of DefaultRuntimePlugin [roughlyenoughitems]/" done in 37.40 μs
[19:34:36] [main/TRACE] [REI] [REIPlugin START] Reloading Section: "reloadable-plugin/DisplaySerializerRegistryImpl/" done in 239.7 μs
[19:34:36] [main/TRACE] [REI] [REIPlugin START] Reloading Section: "reloadable-plugin/FluidSupportProviderImpl/"
[19:34:36] [main/TRACE] [REI] [REIPlugin START] Reloading Section: "reloadable-plugin/FluidSupportProviderImpl/DefaultPluginImpl of DefaultPluginImpl [roughlyenoughitems]/"
[19:34:36] [main/TRACE] [REI] [REIPlugin START] Reloading Section: "reloadable-plugin/FluidSupportProviderImpl/DefaultPluginImpl of DefaultPluginImpl [roughlyenoughitems]/" done in 473.4 μs
[19:34:36] [main/TRACE] [REI] [REIPlugin START] Reloading Section: "reloadable-plugin/FluidSupportProviderImpl/DefaultRuntimePlugin of DefaultRuntimePlugin [roughlyenoughitems]/"
[19:34:36] [main/TRACE] [REI] [REIPlugin START] Reloading Section: "reloadable-plugin/FluidSupportProviderImpl/DefaultRuntimePlugin of DefaultRuntimePlugin [roughlyenoughitems]/" done in 54.66 μs
[19:34:36] [main/TRACE] [REI] [REIPlugin START] Reloading Section: "reloadable-plugin/FluidSupportProviderImpl/" done in 797.7 μs
[19:34:36] [main/DEBUG] [REI] ========================================
[19:34:36] [main/DEBUG] [REI] REIPlugin ending main-reload for START.
[19:34:36] [main/DEBUG] [REI] ========================================
[19:34:36] [main/TRACE] [REI] [REIPlugin START] Reloading Section: "end-reload/"
[19:34:36] [main/TRACE] [REI] [REIPlugin START] Reloading Section: "end-reload/EntryTypeRegistryImpl/"
[19:34:36] [main/TRACE] [REI] [REIPlugin START] Reloading Section: "end-reload/EntryTypeRegistryImpl/" done in 50.76 μs
[19:34:36] [main/TRACE] [REI] [REIPlugin START] Reloading Section: "end-reload/EntrySettingsAdapterRegistryImpl/"
[19:34:36] [main/TRACE] [REI] [REIPlugin START] Reloading Section: "end-reload/EntrySettingsAdapterRegistryImpl/" done in 36.87 μs
[19:34:36] [main/TRACE] [REI] [REIPlugin START] Reloading Section: "end-reload/RecipeManagerContextImpl/"
[19:34:36] [main/TRACE] [REI] [REIPlugin START] Reloading Section: "end-reload/RecipeManagerContextImpl/" done in 35.04 μs
[19:34:36] [main/TRACE] [REI] [REIPlugin START] Reloading Section: "end-reload/ItemComparatorRegistryImpl/"
[19:34:36] [main/TRACE] [REI] [REIPlugin START] Reloading Section: "end-reload/ItemComparatorRegistryImpl/" done in 31.12 μs
[19:34:36] [main/TRACE] [REI] [REIPlugin START] Reloading Section: "end-reload/FluidComparatorRegistryImpl/"
[19:34:36] [main/TRACE] [REI] [REIPlugin START] Reloading Section: "end-reload/FluidComparatorRegistryImpl/" done in 31.46 μs
[19:34:36] [main/TRACE] [REI] [REIPlugin START] Reloading Section: "end-reload/DisplaySerializerRegistryImpl/"
[19:34:36] [main/TRACE] [REI] [REIPlugin START] Reloading Section: "end-reload/DisplaySerializerRegistryImpl/" done in 30.72 μs
[19:34:36] [main/TRACE] [REI] [REIPlugin START] Reloading Section: "end-reload/FluidSupportProviderImpl/"
[19:34:36] [main/TRACE] [REI] [REIPlugin START] Reloading Section: "end-reload/FluidSupportProviderImpl/" done in 57.02 μs
[19:34:36] [main/TRACE] [REI] [REIPlugin START] Reloading Section: "end-reload/" done in 764.4 μs
[19:34:36] [main/DEBUG] [REI] ========================================
[19:34:36] [main/DEBUG] [REI] REIPlugin ended main-reload for START in 12.63 ms.
[19:34:36] [main/DEBUG] [REI] ========================================
[19:34:36] [main/INFO] [REI] ----------------------------------------
[19:34:36] [main/INFO] [REI] REIServerPlugin starting main-reload for START.
[19:34:36] [main/DEBUG] [REI] Reloadables (2):
[19:34:36] [main/DEBUG] [REI]  - MenuInfoRegistryImpl
[19:34:36] [main/DEBUG] [REI]  - SlotAccessorRegistryImpl
[19:34:36] [main/INFO] [REI] Plugins (2):
[19:34:36] [main/INFO] [REI]  - (-100.00) DefaultPluginImpl of DefaultPluginImpl [roughlyenoughitems]
[19:34:36] [main/INFO] [REI]  - (0.00) DefaultRuntimePlugin of DefaultRuntimePlugin [roughlyenoughitems]
[19:34:36] [main/INFO] [REI] ----------------------------------------
[19:34:36] [main/TRACE] [REI] [REIServerPlugin START] Reloading Section: "start-reload/"
[19:34:36] [main/TRACE] [REI] [REIServerPlugin START] Reloading Section: "start-reload/MenuInfoRegistryImpl/"
[19:34:36] [main/TRACE] [REI] [REIServerPlugin START] Reloading Section: "start-reload/MenuInfoRegistryImpl/" done in 33.42 μs
[19:34:36] [main/TRACE] [REI] [REIServerPlugin START] Reloading Section: "start-reload/SlotAccessorRegistryImpl/"
[19:34:36] [main/TRACE] [REI] [REIServerPlugin START] Reloading Section: "start-reload/SlotAccessorRegistryImpl/" done in 32.77 μs
[19:34:36] [main/TRACE] [REI] [REIServerPlugin START] Reloading Section: "start-reload/" done in 225.8 μs
[19:34:36] [main/DEBUG] [REI] ========================================
[19:34:36] [main/DEBUG] [REI] REIServerPlugin started main-reload for START.
[19:34:36] [main/DEBUG] [REI] ========================================
[19:34:36] [main/TRACE] [REI] [REIServerPlugin START] Reloading Section: "reloadable-plugin/MenuInfoRegistryImpl/"
[19:34:36] [main/TRACE] [REI] [REIServerPlugin START] Reloading Section: "reloadable-plugin/MenuInfoRegistryImpl/DefaultPluginImpl of DefaultPluginImpl [roughlyenoughitems]/"
[19:34:36] [main/TRACE] [REI] [REIServerPlugin START] Reloading Section: "reloadable-plugin/MenuInfoRegistryImpl/DefaultPluginImpl of DefaultPluginImpl [roughlyenoughitems]/" done in 38.24 μs
[19:34:36] [main/TRACE] [REI] [REIServerPlugin START] Reloading Section: "reloadable-plugin/MenuInfoRegistryImpl/DefaultRuntimePlugin of DefaultRuntimePlugin [roughlyenoughitems]/"
[19:34:36] [main/TRACE] [REI] [REIServerPlugin START] Reloading Section: "reloadable-plugin/MenuInfoRegistryImpl/DefaultRuntimePlugin of DefaultRuntimePlugin [roughlyenoughitems]/" done in 36.12 μs
[19:34:36] [main/TRACE] [REI] [REIServerPlugin START] Reloading Section: "reloadable-plugin/MenuInfoRegistryImpl/" done in 227.0 μs
[19:34:36] [main/TRACE] [REI] [REIServerPlugin START] Reloading Section: "reloadable-plugin/SlotAccessorRegistryImpl/"
[19:34:36] [main/TRACE] [REI] [REIServerPlugin START] Reloading Section: "reloadable-plugin/SlotAccessorRegistryImpl/DefaultPluginImpl of DefaultPluginImpl [roughlyenoughitems]/"
[19:34:36] [main/TRACE] [REI] [REIServerPlugin START] Reloading Section: "reloadable-plugin/SlotAccessorRegistryImpl/DefaultPluginImpl of DefaultPluginImpl [roughlyenoughitems]/" done in 35.98 μs
[19:34:36] [main/TRACE] [REI] [REIServerPlugin START] Reloading Section: "reloadable-plugin/SlotAccessorRegistryImpl/DefaultRuntimePlugin of DefaultRuntimePlugin [roughlyenoughitems]/"
[19:34:36] [main/TRACE] [REI] [REIServerPlugin START] Reloading Section: "reloadable-plugin/SlotAccessorRegistryImpl/DefaultRuntimePlugin of DefaultRuntimePlugin [roughlyenoughitems]/" done in 35.35 μs
[19:34:36] [main/TRACE] [REI] [REIServerPlugin START] Reloading Section: "reloadable-plugin/SlotAccessorRegistryImpl/" done in 218.7 μs
[19:34:36] [main/DEBUG] [REI] ========================================
[19:34:36] [main/DEBUG] [REI] REIServerPlugin ending main-reload for START.
[19:34:36] [main/DEBUG] [REI] ========================================
[19:34:36] [main/TRACE] [REI] [REIServerPlugin START] Reloading Section: "end-reload/"
[19:34:36] [main/TRACE] [REI] [REIServerPlugin START] Reloading Section: "end-reload/MenuInfoRegistryImpl/"
[19:34:36] [main/TRACE] [REI] [REIServerPlugin START] Reloading Section: "end-reload/MenuInfoRegistryImpl/" done in 34.42 μs
[19:34:36] [main/TRACE] [REI] [REIServerPlugin START] Reloading Section: "end-reload/SlotAccessorRegistryImpl/"
[19:34:36] [main/TRACE] [REI] [REIServerPlugin START] Reloading Section: "end-reload/SlotAccessorRegistryImpl/" done in 31.20 μs
[19:34:36] [main/TRACE] [REI] [REIServerPlugin START] Reloading Section: "end-reload/" done in 199.4 μs
[19:34:36] [main/DEBUG] [REI] ========================================
[19:34:36] [main/DEBUG] [REI] REIServerPlugin ended main-reload for START in 2.143 ms.
[19:34:36] [main/DEBUG] [REI] ========================================
[19:34:36] [main/DEBUG] [REI] ========================================
[19:34:36] [main/DEBUG] [REI] REIPlugin starting post-reload for START.
[19:34:36] [main/DEBUG] [REI] Reloadables (7):
[19:34:36] [main/DEBUG] [REI]  - EntryTypeRegistryImpl
[19:34:36] [main/DEBUG] [REI]  - EntrySettingsAdapterRegistryImpl
[19:34:36] [main/DEBUG] [REI]  - RecipeManagerContextImpl
[19:34:36] [main/DEBUG] [REI]  - ItemComparatorRegistryImpl
[19:34:36] [main/DEBUG] [REI]  - FluidComparatorRegistryImpl
[19:34:36] [main/DEBUG] [REI]  - DisplaySerializerRegistryImpl
[19:34:36] [main/DEBUG] [REI]  - FluidSupportProviderImpl
[19:34:36] [main/DEBUG] [REI] Plugins (2):
[19:34:36] [main/DEBUG] [REI]  - (-100.00) DefaultPluginImpl of DefaultPluginImpl [roughlyenoughitems]
[19:34:36] [main/DEBUG] [REI]  - (0.00) DefaultRuntimePlugin of DefaultRuntimePlugin [roughlyenoughitems]
[19:34:36] [main/DEBUG] [REI] ========================================
[19:34:36] [main/TRACE] [REI] [REIPlugin START] Reloading Section: "post-register/"
[19:34:36] [main/TRACE] [REI] [REIPlugin START] Reloading Section: "post-register/DefaultPluginImpl of DefaultPluginImpl [roughlyenoughitems]/"
[19:34:36] [main/TRACE] [REI] [REIPlugin START] Reloading Section: "post-register/DefaultPluginImpl of DefaultPluginImpl [roughlyenoughitems]/" done in 197.0 μs
[19:34:36] [main/TRACE] [REI] [REIPlugin START] Reloading Section: "post-register/DefaultRuntimePlugin of DefaultRuntimePlugin [roughlyenoughitems]/"
[19:34:36] [main/TRACE] [REI] [REIPlugin START] Reloading Section: "post-register/DefaultRuntimePlugin of DefaultRuntimePlugin [roughlyenoughitems]/" done in 38.56 μs
[19:34:36] [main/TRACE] [REI] [REIPlugin START] Reloading Section: "post-register/" done in 567.8 μs
[19:34:36] [main/TRACE] [REI] [REIPlugin START] Reloading Section: "post-stage/"
[19:34:36] [main/TRACE] [REI] [REIPlugin START] Reloading Section: "post-stage/EntryTypeRegistryImpl/"
[19:34:36] [main/TRACE] [REI] [REIPlugin START] Reloading Section: "post-stage/EntryTypeRegistryImpl/" done in 43.53 μs
[19:34:36] [main/TRACE] [REI] [REIPlugin START] Reloading Section: "post-stage/EntrySettingsAdapterRegistryImpl/"
[19:34:36] [main/TRACE] [REI] [REIPlugin START] Reloading Section: "post-stage/EntrySettingsAdapterRegistryImpl/" done in 41.02 μs
[19:34:36] [main/TRACE] [REI] [REIPlugin START] Reloading Section: "post-stage/RecipeManagerContextImpl/"
[19:34:36] [main/TRACE] [REI] [REIPlugin START] Reloading Section: "post-stage/RecipeManagerContextImpl/" done in 50.67 μs
[19:34:36] [main/TRACE] [REI] [REIPlugin START] Reloading Section: "post-stage/ItemComparatorRegistryImpl/"
[19:34:36] [main/TRACE] [REI] [REIPlugin START] Reloading Section: "post-stage/ItemComparatorRegistryImpl/" done in 36.93 μs
[19:34:36] [main/TRACE] [REI] [REIPlugin START] Reloading Section: "post-stage/FluidComparatorRegistryImpl/"
[19:34:36] [main/TRACE] [REI] [REIPlugin START] Reloading Section: "post-stage/FluidComparatorRegistryImpl/" done in 34.59 μs
[19:34:36] [main/TRACE] [REI] [REIPlugin START] Reloading Section: "post-stage/DisplaySerializerRegistryImpl/"
[19:34:36] [main/TRACE] [REI] [REIPlugin START] Reloading Section: "post-stage/DisplaySerializerRegistryImpl/" done in 37.49 μs
[19:34:36] [main/TRACE] [REI] [REIPlugin START] Reloading Section: "post-stage/FluidSupportProviderImpl/"
[19:34:36] [main/TRACE] [REI] [REIPlugin START] Reloading Section: "post-stage/FluidSupportProviderImpl/" done in 82.10 μs
[19:34:36] [main/TRACE] [REI] [REIPlugin START] Reloading Section: "post-stage/" done in 812.5 μs
[19:34:36] [main/DEBUG] [REI] ========================================
[19:34:36] [main/INFO] [REI] REIPlugin finished post-reload for START in 1.494 ms, totaling 26.40 ms.
[19:34:36] [main/DEBUG] [REI] ========================================
[19:34:36] [main/DEBUG] [REI] ========================================
[19:34:36] [main/DEBUG] [REI] REIServerPlugin starting post-reload for START.
[19:34:36] [main/DEBUG] [REI] Reloadables (2):
[19:34:36] [main/DEBUG] [REI]  - MenuInfoRegistryImpl
[19:34:36] [main/DEBUG] [REI]  - SlotAccessorRegistryImpl
[19:34:36] [main/DEBUG] [REI] Plugins (2):
[19:34:36] [main/DEBUG] [REI]  - (-100.00) DefaultPluginImpl of DefaultPluginImpl [roughlyenoughitems]
[19:34:36] [main/DEBUG] [REI]  - (0.00) DefaultRuntimePlugin of DefaultRuntimePlugin [roughlyenoughitems]
[19:34:36] [main/DEBUG] [REI] ========================================
[19:34:36] [main/TRACE] [REI] [REIServerPlugin START] Reloading Section: "post-register/"
[19:34:36] [main/TRACE] [REI] [REIServerPlugin START] Reloading Section: "post-register/DefaultPluginImpl of DefaultPluginImpl [roughlyenoughitems]/"
[19:34:36] [main/TRACE] [REI] [REIServerPlugin START] Reloading Section: "post-register/DefaultPluginImpl of DefaultPluginImpl [roughlyenoughitems]/" done in 44.89 μs
[19:34:36] [main/TRACE] [REI] [REIServerPlugin START] Reloading Section: "post-register/DefaultRuntimePlugin of DefaultRuntimePlugin [roughlyenoughitems]/"
[19:34:36] [main/TRACE] [REI] [REIServerPlugin START] Reloading Section: "post-register/DefaultRuntimePlugin of DefaultRuntimePlugin [roughlyenoughitems]/" done in 42.35 μs
[19:34:36] [main/TRACE] [REI] [REIServerPlugin START] Reloading Section: "post-register/" done in 290.9 μs
[19:34:36] [main/TRACE] [REI] [REIServerPlugin START] Reloading Section: "post-stage/"
[19:34:36] [main/TRACE] [REI] [REIServerPlugin START] Reloading Section: "post-stage/MenuInfoRegistryImpl/"
[19:34:36] [main/TRACE] [REI] [REIServerPlugin START] Reloading Section: "post-stage/MenuInfoRegistryImpl/" done in 29.92 μs
[19:34:36] [main/TRACE] [REI] [REIServerPlugin START] Reloading Section: "post-stage/SlotAccessorRegistryImpl/"
[19:34:36] [main/TRACE] [REI] [REIServerPlugin START] Reloading Section: "post-stage/SlotAccessorRegistryImpl/" done in 29.60 μs
[19:34:36] [main/TRACE] [REI] [REIServerPlugin START] Reloading Section: "post-stage/" done in 184.9 μs
[19:34:36] [main/DEBUG] [REI] ========================================
[19:34:36] [main/INFO] [REI] REIServerPlugin finished post-reload for START in 564.7 μs, totaling 3.358 ms.
[19:34:36] [main/DEBUG] [REI] ========================================
[19:34:36] [main/DEBUG] [REI] ========================================
[19:34:36] [main/DEBUG] [REI] REIPlugin starting pre-reload for END.
[19:34:36] [main/DEBUG] [REI] Reloadables (7):
[19:34:36] [main/DEBUG] [REI]  - EntryTypeRegistryImpl
[19:34:36] [main/DEBUG] [REI]  - EntrySettingsAdapterRegistryImpl
[19:34:36] [main/DEBUG] [REI]  - RecipeManagerContextImpl
[19:34:36] [main/DEBUG] [REI]  - ItemComparatorRegistryImpl
[19:34:36] [main/DEBUG] [REI]  - FluidComparatorRegistryImpl
[19:34:36] [main/DEBUG] [REI]  - DisplaySerializerRegistryImpl
[19:34:36] [main/DEBUG] [REI]  - FluidSupportProviderImpl
[19:34:36] [main/DEBUG] [REI] Plugins (2):
[19:34:36] [main/DEBUG] [REI]  - (-100.00) DefaultPluginImpl of DefaultPluginImpl [roughlyenoughitems]
[19:34:36] [main/DEBUG] [REI]  - (0.00) DefaultRuntimePlugin of DefaultRuntimePlugin [roughlyenoughitems]
[19:34:36] [main/DEBUG] [REI] ========================================
[19:34:36] [main/TRACE] [REI] [REIPlugin END] Reloading Section: "pre-register/"
[19:34:36] [main/TRACE] [REI] [REIPlugin END] Reloading Section: "pre-register/DefaultPluginImpl of DefaultPluginImpl [roughlyenoughitems]/"
[19:34:36] [main/TRACE] [REI] [REIPlugin END] Reloading Section: "pre-register/DefaultPluginImpl of DefaultPluginImpl [roughlyenoughitems]/" done in 920.3 μs
[19:34:36] [main/TRACE] [REI] [REIPlugin END] Reloading Section: "pre-register/DefaultRuntimePlugin of DefaultRuntimePlugin [roughlyenoughitems]/"
[19:34:36] [main/TRACE] [REI] [REIPlugin END] Reloading Section: "pre-register/DefaultRuntimePlugin of DefaultRuntimePlugin [roughlyenoughitems]/" done in 131.8 μs
[19:34:36] [main/TRACE] [REI] [REIPlugin END] Reloading Section: "pre-register/" done in 1.437 ms
[19:34:36] [main/TRACE] [REI] [REIPlugin END] Reloading Section: "pre-stage/"
[19:34:36] [main/TRACE] [REI] [REIPlugin END] Reloading Section: "pre-stage/EntryTypeRegistryImpl/"
[19:34:36] [main/TRACE] [REI] [REIPlugin END] Reloading Section: "pre-stage/EntryTypeRegistryImpl/" done in 40.77 μs
[19:34:36] [main/TRACE] [REI] [REIPlugin END] Reloading Section: "pre-stage/EntrySettingsAdapterRegistryImpl/"
[19:34:36] [main/TRACE] [REI] [REIPlugin END] Reloading Section: "pre-stage/EntrySettingsAdapterRegistryImpl/" done in 36.13 μs
[19:34:36] [main/TRACE] [REI] [REIPlugin END] Reloading Section: "pre-stage/RecipeManagerContextImpl/"
[19:34:36] [main/TRACE] [REI] [REIPlugin END] Reloading Section: "pre-stage/RecipeManagerContextImpl/" done in 34.97 μs
[19:34:36] [main/TRACE] [REI] [REIPlugin END] Reloading Section: "pre-stage/ItemComparatorRegistryImpl/"
[19:34:36] [main/TRACE] [REI] [REIPlugin END] Reloading Section: "pre-stage/ItemComparatorRegistryImpl/" done in 35.51 μs
[19:34:36] [main/TRACE] [REI] [REIPlugin END] Reloading Section: "pre-stage/FluidComparatorRegistryImpl/"
[19:34:36] [main/TRACE] [REI] [REIPlugin END] Reloading Section: "pre-stage/FluidComparatorRegistryImpl/" done in 35.11 μs
[19:34:36] [main/TRACE] [REI] [REIPlugin END] Reloading Section: "pre-stage/DisplaySerializerRegistryImpl/"
[19:34:36] [main/TRACE] [REI] [REIPlugin END] Reloading Section: "pre-stage/DisplaySerializerRegistryImpl/" done in 49.49 μs
[19:34:36] [main/TRACE] [REI] [REIPlugin END] Reloading Section: "pre-stage/FluidSupportProviderImpl/"
[19:34:36] [main/TRACE] [REI] [REIPlugin END] Reloading Section: "pre-stage/FluidSupportProviderImpl/" done in 36.08 μs
[19:34:36] [main/TRACE] [REI] [REIPlugin END] Reloading Section: "pre-stage/" done in 720.5 μs
[19:34:36] [main/DEBUG] [REI] ========================================
[19:34:36] [main/DEBUG] [REI] REIPlugin finished pre-reload for END in 2.345 ms.
[19:34:36] [main/DEBUG] [REI] ========================================
[19:34:36] [main/DEBUG] [REI] ========================================
[19:34:36] [main/DEBUG] [REI] REIServerPlugin starting pre-reload for END.
[19:34:36] [main/DEBUG] [REI] Reloadables (2):
[19:34:36] [main/DEBUG] [REI]  - MenuInfoRegistryImpl
[19:34:36] [main/DEBUG] [REI]  - SlotAccessorRegistryImpl
[19:34:36] [main/DEBUG] [REI] Plugins (2):
[19:34:36] [main/DEBUG] [REI]  - (-100.00) DefaultPluginImpl of DefaultPluginImpl [roughlyenoughitems]
[19:34:36] [main/DEBUG] [REI]  - (0.00) DefaultRuntimePlugin of DefaultRuntimePlugin [roughlyenoughitems]
[19:34:36] [main/DEBUG] [REI] ========================================
[19:34:36] [main/TRACE] [REI] [REIServerPlugin END] Reloading Section: "pre-register/"
[19:34:36] [main/TRACE] [REI] [REIServerPlugin END] Reloading Section: "pre-register/DefaultPluginImpl of DefaultPluginImpl [roughlyenoughitems]/"
[19:34:36] [main/TRACE] [REI] [REIServerPlugin END] Reloading Section: "pre-register/DefaultPluginImpl of DefaultPluginImpl [roughlyenoughitems]/" done in 42.51 μs
[19:34:36] [main/TRACE] [REI] [REIServerPlugin END] Reloading Section: "pre-register/DefaultRuntimePlugin of DefaultRuntimePlugin [roughlyenoughitems]/"
[19:34:36] [main/TRACE] [REI] [REIServerPlugin END] Reloading Section: "pre-register/DefaultRuntimePlugin of DefaultRuntimePlugin [roughlyenoughitems]/" done in 39.86 μs
[19:34:36] [main/TRACE] [REI] [REIServerPlugin END] Reloading Section: "pre-register/" done in 271.9 μs
[19:34:36] [main/TRACE] [REI] [REIServerPlugin END] Reloading Section: "pre-stage/"
[19:34:36] [main/TRACE] [REI] [REIServerPlugin END] Reloading Section: "pre-stage/MenuInfoRegistryImpl/"
[19:34:36] [main/TRACE] [REI] [REIServerPlugin END] Reloading Section: "pre-stage/MenuInfoRegistryImpl/" done in 33.88 μs
[19:34:36] [main/TRACE] [REI] [REIServerPlugin END] Reloading Section: "pre-stage/SlotAccessorRegistryImpl/"
[19:34:36] [main/TRACE] [REI] [REIServerPlugin END] Reloading Section: "pre-stage/SlotAccessorRegistryImpl/" done in 33.50 μs
[19:34:36] [main/TRACE] [REI] [REIServerPlugin END] Reloading Section: "pre-stage/" done in 197.6 μs
[19:34:36] [main/DEBUG] [REI] ========================================
[19:34:36] [main/DEBUG] [REI] REIServerPlugin finished pre-reload for END in 573.3 μs.
[19:34:36] [main/DEBUG] [REI] ========================================
[19:34:36] [main/INFO] [REI] @@@@@@@@@@@@@@@@@@@@@@@@@@@@@@@@@@@@@@@@
[19:34:36] [main/INFO] [REI] REIPlugin starting main-reload for END.
[19:34:36] [main/DEBUG] [REI] Reloadables (7):
[19:34:36] [main/DEBUG] [REI]  - EntryTypeRegistryImpl
[19:34:36] [main/DEBUG] [REI]  - EntrySettingsAdapterRegistryImpl
[19:34:36] [main/DEBUG] [REI]  - RecipeManagerContextImpl
[19:34:36] [main/DEBUG] [REI]  - ItemComparatorRegistryImpl
[19:34:36] [main/DEBUG] [REI]  - FluidComparatorRegistryImpl
[19:34:36] [main/DEBUG] [REI]  - DisplaySerializerRegistryImpl
[19:34:36] [main/DEBUG] [REI]  - FluidSupportProviderImpl
[19:34:36] [main/INFO] [REI] Plugins (2):
[19:34:36] [main/INFO] [REI]  - (-100.00) DefaultPluginImpl of DefaultPluginImpl [roughlyenoughitems]
[19:34:36] [main/INFO] [REI]  - (0.00) DefaultRuntimePlugin of DefaultRuntimePlugin [roughlyenoughitems]
[19:34:36] [main/INFO] [REI] @@@@@@@@@@@@@@@@@@@@@@@@@@@@@@@@@@@@@@@@
[19:34:36] [main/TRACE] [REI] [REIPlugin END] Reloading Section: "start-reload/"
[19:34:36] [main/TRACE] [REI] [REIPlugin END] Reloading Section: "start-reload/EntryTypeRegistryImpl/"
[19:34:36] [main/TRACE] [REI] [REIPlugin END] Reloading Section: "start-reload/EntryTypeRegistryImpl/" done in 40.48 μs
[19:34:36] [main/TRACE] [REI] [REIPlugin END] Reloading Section: "start-reload/EntrySettingsAdapterRegistryImpl/"
[19:34:36] [main/TRACE] [REI] [REIPlugin END] Reloading Section: "start-reload/EntrySettingsAdapterRegistryImpl/" done in 43.44 μs
[19:34:36] [main/TRACE] [REI] [REIPlugin END] Reloading Section: "start-reload/RecipeManagerContextImpl/"
[19:34:36] [main/TRACE] [REI] [REIPlugin END] Reloading Section: "start-reload/RecipeManagerContextImpl/" done in 35.81 μs
[19:34:36] [main/TRACE] [REI] [REIPlugin END] Reloading Section: "start-reload/ItemComparatorRegistryImpl/"
[19:34:36] [main/TRACE] [REI] [REIPlugin END] Reloading Section: "start-reload/ItemComparatorRegistryImpl/" done in 31.79 μs
[19:34:36] [main/TRACE] [REI] [REIPlugin END] Reloading Section: "start-reload/FluidComparatorRegistryImpl/"
[19:34:36] [main/TRACE] [REI] [REIPlugin END] Reloading Section: "start-reload/FluidComparatorRegistryImpl/" done in 34.43 μs
[19:34:36] [main/TRACE] [REI] [REIPlugin END] Reloading Section: "start-reload/DisplaySerializerRegistryImpl/"
[19:34:36] [main/TRACE] [REI] [REIPlugin END] Reloading Section: "start-reload/DisplaySerializerRegistryImpl/" done in 38.67 μs
[19:34:36] [main/TRACE] [REI] [REIPlugin END] Reloading Section: "start-reload/FluidSupportProviderImpl/"
[19:34:36] [main/TRACE] [REI] [REIPlugin END] Reloading Section: "start-reload/FluidSupportProviderImpl/" done in 37.29 μs
[19:34:36] [main/TRACE] [REI] [REIPlugin END] Reloading Section: "start-reload/" done in 703.5 μs
[19:34:36] [main/DEBUG] [REI] ========================================
[19:34:36] [main/DEBUG] [REI] REIPlugin started main-reload for END.
[19:34:36] [main/DEBUG] [REI] ========================================
[19:34:36] [main/TRACE] [REI] [REIPlugin END] Reloading Section: "reloadable-plugin/EntryTypeRegistryImpl/"
[19:34:36] [main/TRACE] [REI] [REIPlugin END] Reloading Section: "reloadable-plugin/EntryTypeRegistryImpl/DefaultPluginImpl of DefaultPluginImpl [roughlyenoughitems]/"
[19:34:36] [main/TRACE] [REI] [REIPlugin END] Reloading Section: "reloadable-plugin/EntryTypeRegistryImpl/DefaultPluginImpl of DefaultPluginImpl [roughlyenoughitems]/" done in 44.97 μs
[19:34:36] [main/TRACE] [REI] [REIPlugin END] Reloading Section: "reloadable-plugin/EntryTypeRegistryImpl/DefaultRuntimePlugin of DefaultRuntimePlugin [roughlyenoughitems]/"
[19:34:36] [main/TRACE] [REI] [REIPlugin END] Reloading Section: "reloadable-plugin/EntryTypeRegistryImpl/DefaultRuntimePlugin of DefaultRuntimePlugin [roughlyenoughitems]/" done in 44.30 μs
[19:34:36] [main/TRACE] [REI] [REIPlugin END] Reloading Section: "reloadable-plugin/EntryTypeRegistryImpl/" done in 284.3 μs
[19:34:36] [main/TRACE] [REI] [REIPlugin END] Reloading Section: "reloadable-plugin/EntrySettingsAdapterRegistryImpl/"
[19:34:36] [main/TRACE] [REI] [REIPlugin END] Reloading Section: "reloadable-plugin/EntrySettingsAdapterRegistryImpl/DefaultPluginImpl of DefaultPluginImpl [roughlyenoughitems]/"
[19:34:36] [main/TRACE] [REI] [REIPlugin END] Reloading Section: "reloadable-plugin/EntrySettingsAdapterRegistryImpl/DefaultPluginImpl of DefaultPluginImpl [roughlyenoughitems]/" done in 44.41 μs
[19:34:36] [main/TRACE] [REI] [REIPlugin END] Reloading Section: "reloadable-plugin/EntrySettingsAdapterRegistryImpl/DefaultRuntimePlugin of DefaultRuntimePlugin [roughlyenoughitems]/"
[19:34:36] [main/TRACE] [REI] [REIPlugin END] Reloading Section: "reloadable-plugin/EntrySettingsAdapterRegistryImpl/DefaultRuntimePlugin of DefaultRuntimePlugin [roughlyenoughitems]/" done in 44.57 μs
[19:34:36] [main/TRACE] [REI] [REIPlugin END] Reloading Section: "reloadable-plugin/EntrySettingsAdapterRegistryImpl/" done in 256.0 μs
[19:34:36] [main/TRACE] [REI] [REIPlugin END] Reloading Section: "reloadable-plugin/RecipeManagerContextImpl/"
[19:34:36] [main/TRACE] [REI] [REIPlugin END] Reloading Section: "reloadable-plugin/RecipeManagerContextImpl/DefaultPluginImpl of DefaultPluginImpl [roughlyenoughitems]/"
[19:34:36] [main/TRACE] [REI] [REIPlugin END] Reloading Section: "reloadable-plugin/RecipeManagerContextImpl/DefaultPluginImpl of DefaultPluginImpl [roughlyenoughitems]/" done in 38.18 μs
[19:34:36] [main/TRACE] [REI] [REIPlugin END] Reloading Section: "reloadable-plugin/RecipeManagerContextImpl/DefaultRuntimePlugin of DefaultRuntimePlugin [roughlyenoughitems]/"
[19:34:36] [main/TRACE] [REI] [REIPlugin END] Reloading Section: "reloadable-plugin/RecipeManagerContextImpl/DefaultRuntimePlugin of DefaultRuntimePlugin [roughlyenoughitems]/" done in 37.63 μs
[19:34:36] [main/TRACE] [REI] [REIPlugin END] Reloading Section: "reloadable-plugin/RecipeManagerContextImpl/" done in 219.4 μs
[19:34:36] [main/TRACE] [REI] [REIPlugin END] Reloading Section: "reloadable-plugin/ItemComparatorRegistryImpl/"
[19:34:36] [main/TRACE] [REI] [REIPlugin END] Reloading Section: "reloadable-plugin/ItemComparatorRegistryImpl/DefaultPluginImpl of DefaultPluginImpl [roughlyenoughitems]/"
[19:34:36] [main/TRACE] [REI] [REIPlugin END] Reloading Section: "reloadable-plugin/ItemComparatorRegistryImpl/DefaultPluginImpl of DefaultPluginImpl [roughlyenoughitems]/" done in 37.41 μs
[19:34:36] [main/TRACE] [REI] [REIPlugin END] Reloading Section: "reloadable-plugin/ItemComparatorRegistryImpl/DefaultRuntimePlugin of DefaultRuntimePlugin [roughlyenoughitems]/"
[19:34:36] [main/TRACE] [REI] [REIPlugin END] Reloading Section: "reloadable-plugin/ItemComparatorRegistryImpl/DefaultRuntimePlugin of DefaultRuntimePlugin [roughlyenoughitems]/" done in 38.40 μs
[19:34:36] [main/TRACE] [REI] [REIPlugin END] Reloading Section: "reloadable-plugin/ItemComparatorRegistryImpl/" done in 222.8 μs
[19:34:36] [main/TRACE] [REI] [REIPlugin END] Reloading Section: "reloadable-plugin/FluidComparatorRegistryImpl/"
[19:34:36] [main/TRACE] [REI] [REIPlugin END] Reloading Section: "reloadable-plugin/FluidComparatorRegistryImpl/DefaultPluginImpl of DefaultPluginImpl [roughlyenoughitems]/"
[19:34:36] [main/TRACE] [REI] [REIPlugin END] Reloading Section: "reloadable-plugin/FluidComparatorRegistryImpl/DefaultPluginImpl of DefaultPluginImpl [roughlyenoughitems]/" done in 42.93 μs
[19:34:36] [main/TRACE] [REI] [REIPlugin END] Reloading Section: "reloadable-plugin/FluidComparatorRegistryImpl/DefaultRuntimePlugin of DefaultRuntimePlugin [roughlyenoughitems]/"
[19:34:36] [main/TRACE] [REI] [REIPlugin END] Reloading Section: "reloadable-plugin/FluidComparatorRegistryImpl/DefaultRuntimePlugin of DefaultRuntimePlugin [roughlyenoughitems]/" done in 40.34 μs
[19:34:36] [main/TRACE] [REI] [REIPlugin END] Reloading Section: "reloadable-plugin/FluidComparatorRegistryImpl/" done in 273.0 μs
[19:34:36] [main/TRACE] [REI] [REIPlugin END] Reloading Section: "reloadable-plugin/DisplaySerializerRegistryImpl/"
[19:34:36] [main/TRACE] [REI] [REIPlugin END] Reloading Section: "reloadable-plugin/DisplaySerializerRegistryImpl/DefaultPluginImpl of DefaultPluginImpl [roughlyenoughitems]/"
[19:34:36] [main/TRACE] [REI] [REIPlugin END] Reloading Section: "reloadable-plugin/DisplaySerializerRegistryImpl/DefaultPluginImpl of DefaultPluginImpl [roughlyenoughitems]/" done in 20.48 ms
[19:34:36] [main/TRACE] [REI] [REIPlugin END] Reloading Section: "reloadable-plugin/DisplaySerializerRegistryImpl/DefaultRuntimePlugin of DefaultRuntimePlugin [roughlyenoughitems]/"
[19:34:36] [main/TRACE] [REI] [REIPlugin END] Reloading Section: "reloadable-plugin/DisplaySerializerRegistryImpl/DefaultRuntimePlugin of DefaultRuntimePlugin [roughlyenoughitems]/" done in 45.49 μs
[19:34:36] [main/TRACE] [REI] [REIPlugin END] Reloading Section: "reloadable-plugin/DisplaySerializerRegistryImpl/" done in 20.80 ms
[19:34:36] [main/TRACE] [REI] [REIPlugin END] Reloading Section: "reloadable-plugin/FluidSupportProviderImpl/"
[19:34:36] [main/TRACE] [REI] [REIPlugin END] Reloading Section: "reloadable-plugin/FluidSupportProviderImpl/DefaultPluginImpl of DefaultPluginImpl [roughlyenoughitems]/"
[19:34:36] [main/TRACE] [REI] [REIPlugin END] Reloading Section: "reloadable-plugin/FluidSupportProviderImpl/DefaultPluginImpl of DefaultPluginImpl [roughlyenoughitems]/" done in 33.71 μs
[19:34:36] [main/TRACE] [REI] [REIPlugin END] Reloading Section: "reloadable-plugin/FluidSupportProviderImpl/DefaultRuntimePlugin of DefaultRuntimePlugin [roughlyenoughitems]/"
[19:34:36] [main/TRACE] [REI] [REIPlugin END] Reloading Section: "reloadable-plugin/FluidSupportProviderImpl/DefaultRuntimePlugin of DefaultRuntimePlugin [roughlyenoughitems]/" done in 40.74 μs
[19:34:36] [main/TRACE] [REI] [REIPlugin END] Reloading Section: "reloadable-plugin/FluidSupportProviderImpl/" done in 217.9 μs
[19:34:36] [main/DEBUG] [REI] ========================================
[19:34:36] [main/DEBUG] [REI] REIPlugin ending main-reload for END.
[19:34:36] [main/DEBUG] [REI] ========================================
[19:34:36] [main/TRACE] [REI] [REIPlugin END] Reloading Section: "end-reload/"
[19:34:36] [main/TRACE] [REI] [REIPlugin END] Reloading Section: "end-reload/EntryTypeRegistryImpl/"
[19:34:36] [main/TRACE] [REI] [REIPlugin END] Reloading Section: "end-reload/EntryTypeRegistryImpl/" done in 31.17 μs
[19:34:36] [main/TRACE] [REI] [REIPlugin END] Reloading Section: "end-reload/EntrySettingsAdapterRegistryImpl/"
[19:34:36] [main/TRACE] [REI] [REIPlugin END] Reloading Section: "end-reload/EntrySettingsAdapterRegistryImpl/" done in 31.58 μs
[19:34:36] [main/TRACE] [REI] [REIPlugin END] Reloading Section: "end-reload/RecipeManagerContextImpl/"
[19:34:36] [main/TRACE] [REI] [REIPlugin END] Reloading Section: "end-reload/RecipeManagerContextImpl/" done in 35.94 μs
[19:34:36] [main/TRACE] [REI] [REIPlugin END] Reloading Section: "end-reload/ItemComparatorRegistryImpl/"
[19:34:36] [main/TRACE] [REI] [REIPlugin END] Reloading Section: "end-reload/ItemComparatorRegistryImpl/" done in 32.96 μs
[19:34:36] [main/TRACE] [REI] [REIPlugin END] Reloading Section: "end-reload/FluidComparatorRegistryImpl/"
[19:34:36] [main/TRACE] [REI] [REIPlugin END] Reloading Section: "end-reload/FluidComparatorRegistryImpl/" done in 41.51 μs
[19:34:36] [main/TRACE] [REI] [REIPlugin END] Reloading Section: "end-reload/DisplaySerializerRegistryImpl/"
[19:34:36] [main/TRACE] [REI] [REIPlugin END] Reloading Section: "end-reload/DisplaySerializerRegistryImpl/" done in 30.32 μs
[19:34:36] [main/TRACE] [REI] [REIPlugin END] Reloading Section: "end-reload/FluidSupportProviderImpl/"
[19:34:36] [main/TRACE] [REI] [REIPlugin END] Reloading Section: "end-reload/FluidSupportProviderImpl/" done in 29.70 μs
[19:34:36] [main/TRACE] [REI] [REIPlugin END] Reloading Section: "end-reload/" done in 615.4 μs
[19:34:36] [main/DEBUG] [REI] ========================================
[19:34:36] [main/DEBUG] [REI] REIPlugin ended main-reload for END in 25.74 ms.
[19:34:36] [main/DEBUG] [REI] ========================================
[19:34:36] [main/INFO] [REI] ########################################
[19:34:36] [main/INFO] [REI] REIServerPlugin starting main-reload for END.
[19:34:36] [main/DEBUG] [REI] Reloadables (2):
[19:34:36] [main/DEBUG] [REI]  - MenuInfoRegistryImpl
[19:34:36] [main/DEBUG] [REI]  - SlotAccessorRegistryImpl
[19:34:36] [main/INFO] [REI] Plugins (2):
[19:34:36] [main/INFO] [REI]  - (-100.00) DefaultPluginImpl of DefaultPluginImpl [roughlyenoughitems]
[19:34:36] [main/INFO] [REI]  - (0.00) DefaultRuntimePlugin of DefaultRuntimePlugin [roughlyenoughitems]
[19:34:36] [main/INFO] [REI] ########################################
[19:34:36] [main/TRACE] [REI] [REIServerPlugin END] Reloading Section: "start-reload/"
[19:34:36] [main/TRACE] [REI] [REIServerPlugin END] Reloading Section: "start-reload/MenuInfoRegistryImpl/"
[19:34:36] [main/TRACE] [REI] [REIServerPlugin END] Reloading Section: "start-reload/MenuInfoRegistryImpl/" done in 38.54 μs
[19:34:36] [main/TRACE] [REI] [REIServerPlugin END] Reloading Section: "start-reload/SlotAccessorRegistryImpl/"
[19:34:36] [main/TRACE] [REI] [REIServerPlugin END] Reloading Section: "start-reload/SlotAccessorRegistryImpl/" done in 34.53 μs
[19:34:36] [main/TRACE] [REI] [REIServerPlugin END] Reloading Section: "start-reload/" done in 276.7 μs
[19:34:36] [main/DEBUG] [REI] ========================================
[19:34:36] [main/DEBUG] [REI] REIServerPlugin started main-reload for END.
[19:34:36] [main/DEBUG] [REI] ========================================
[19:34:36] [main/TRACE] [REI] [REIServerPlugin END] Reloading Section: "reloadable-plugin/MenuInfoRegistryImpl/"
[19:34:36] [main/TRACE] [REI] [REIServerPlugin END] Reloading Section: "reloadable-plugin/MenuInfoRegistryImpl/DefaultPluginImpl of DefaultPluginImpl [roughlyenoughitems]/"
[19:34:36] [main/TRACE] [REI] [REIServerPlugin END] Reloading Section: "reloadable-plugin/MenuInfoRegistryImpl/DefaultPluginImpl of DefaultPluginImpl [roughlyenoughitems]/" done in 45.21 μs
[19:34:36] [main/TRACE] [REI] [REIServerPlugin END] Reloading Section: "reloadable-plugin/MenuInfoRegistryImpl/DefaultRuntimePlugin of DefaultRuntimePlugin [roughlyenoughitems]/"
[19:34:36] [main/TRACE] [REI] [REIServerPlugin END] Reloading Section: "reloadable-plugin/MenuInfoRegistryImpl/DefaultRuntimePlugin of DefaultRuntimePlugin [roughlyenoughitems]/" done in 34.48 μs
[19:34:36] [main/TRACE] [REI] [REIServerPlugin END] Reloading Section: "reloadable-plugin/MenuInfoRegistryImpl/" done in 224.3 μs
[19:34:36] [main/TRACE] [REI] [REIServerPlugin END] Reloading Section: "reloadable-plugin/SlotAccessorRegistryImpl/"
[19:34:36] [main/TRACE] [REI] [REIServerPlugin END] Reloading Section: "reloadable-plugin/SlotAccessorRegistryImpl/DefaultPluginImpl of DefaultPluginImpl [roughlyenoughitems]/"
[19:34:36] [main/TRACE] [REI] [REIServerPlugin END] Reloading Section: "reloadable-plugin/SlotAccessorRegistryImpl/DefaultPluginImpl of DefaultPluginImpl [roughlyenoughitems]/" done in 43.86 μs
[19:34:36] [main/TRACE] [REI] [REIServerPlugin END] Reloading Section: "reloadable-plugin/SlotAccessorRegistryImpl/DefaultRuntimePlugin of DefaultRuntimePlugin [roughlyenoughitems]/"
[19:34:36] [main/DEBUG] [REI] Added slot accessor serializer: me.shedaniel.rei.plugin.common.runtime.DefaultRuntimePlugin$1@77ab8a75 [roughlyenoughitems:vanilla]
[19:34:36] [main/DEBUG] [REI] Added slot accessor serializer: me.shedaniel.rei.plugin.common.runtime.DefaultRuntimePlugin$2@3e649bea [roughlyenoughitems:player]
[19:34:36] [main/TRACE] [REI] [REIServerPlugin END] Reloading Section: "reloadable-plugin/SlotAccessorRegistryImpl/DefaultRuntimePlugin of DefaultRuntimePlugin [roughlyenoughitems]/" done in 1.681 ms
[19:34:36] [main/TRACE] [REI] [REIServerPlugin END] Reloading Section: "reloadable-plugin/SlotAccessorRegistryImpl/" done in 1.878 ms
[19:34:36] [main/DEBUG] [REI] ========================================
[19:34:36] [main/DEBUG] [REI] REIServerPlugin ending main-reload for END.
[19:34:36] [main/DEBUG] [REI] ========================================
[19:34:36] [main/TRACE] [REI] [REIServerPlugin END] Reloading Section: "end-reload/"
[19:34:36] [main/TRACE] [REI] [REIServerPlugin END] Reloading Section: "end-reload/MenuInfoRegistryImpl/"
[19:34:36] [main/DEBUG] [REI] Registered 0 menu infos
[19:34:36] [main/TRACE] [REI] [REIServerPlugin END] Reloading Section: "end-reload/MenuInfoRegistryImpl/" done in 131.3 μs
[19:34:36] [main/TRACE] [REI] [REIServerPlugin END] Reloading Section: "end-reload/SlotAccessorRegistryImpl/"
[19:34:36] [main/DEBUG] [REI] Registered 2 slot accessor serializers
[19:34:36] [main/TRACE] [REI] [REIServerPlugin END] Reloading Section: "end-reload/SlotAccessorRegistryImpl/" done in 110.4 μs
[19:34:36] [main/TRACE] [REI] [REIServerPlugin END] Reloading Section: "end-reload/" done in 456.0 μs
[19:34:36] [main/DEBUG] [REI] ========================================
[19:34:36] [main/DEBUG] [REI] REIServerPlugin ended main-reload for END in 4.089 ms.
[19:34:36] [main/DEBUG] [REI] ========================================
[19:34:36] [main/DEBUG] [REI] ========================================
[19:34:36] [main/DEBUG] [REI] REIPlugin starting post-reload for END.
[19:34:36] [main/DEBUG] [REI] Reloadables (7):
[19:34:36] [main/DEBUG] [REI]  - EntryTypeRegistryImpl
[19:34:36] [main/DEBUG] [REI]  - EntrySettingsAdapterRegistryImpl
[19:34:36] [main/DEBUG] [REI]  - RecipeManagerContextImpl
[19:34:36] [main/DEBUG] [REI]  - ItemComparatorRegistryImpl
[19:34:36] [main/DEBUG] [REI]  - FluidComparatorRegistryImpl
[19:34:36] [main/DEBUG] [REI]  - DisplaySerializerRegistryImpl
[19:34:36] [main/DEBUG] [REI]  - FluidSupportProviderImpl
[19:34:36] [main/DEBUG] [REI] Plugins (2):
[19:34:36] [main/DEBUG] [REI]  - (-100.00) DefaultPluginImpl of DefaultPluginImpl [roughlyenoughitems]
[19:34:36] [main/DEBUG] [REI]  - (0.00) DefaultRuntimePlugin of DefaultRuntimePlugin [roughlyenoughitems]
[19:34:36] [main/DEBUG] [REI] ========================================
[19:34:36] [main/TRACE] [REI] [REIPlugin END] Reloading Section: "post-register/"
[19:34:36] [main/TRACE] [REI] [REIPlugin END] Reloading Section: "post-register/DefaultPluginImpl of DefaultPluginImpl [roughlyenoughitems]/"
[19:34:36] [main/TRACE] [REI] [REIPlugin END] Reloading Section: "post-register/DefaultPluginImpl of DefaultPluginImpl [roughlyenoughitems]/" done in 31.43 μs
[19:34:36] [main/TRACE] [REI] [REIPlugin END] Reloading Section: "post-register/DefaultRuntimePlugin of DefaultRuntimePlugin [roughlyenoughitems]/"
[19:34:36] [main/TRACE] [REI] [REIPlugin END] Reloading Section: "post-register/DefaultRuntimePlugin of DefaultRuntimePlugin [roughlyenoughitems]/" done in 31.38 μs
[19:34:36] [main/TRACE] [REI] [REIPlugin END] Reloading Section: "post-register/" done in 238.3 μs
[19:34:36] [main/TRACE] [REI] [REIPlugin END] Reloading Section: "post-stage/"
[19:34:36] [main/TRACE] [REI] [REIPlugin END] Reloading Section: "post-stage/EntryTypeRegistryImpl/"
[19:34:36] [main/TRACE] [REI] [REIPlugin END] Reloading Section: "post-stage/EntryTypeRegistryImpl/" done in 27.25 μs
[19:34:36] [main/TRACE] [REI] [REIPlugin END] Reloading Section: "post-stage/EntrySettingsAdapterRegistryImpl/"
[19:34:36] [main/TRACE] [REI] [REIPlugin END] Reloading Section: "post-stage/EntrySettingsAdapterRegistryImpl/" done in 31.22 μs
[19:34:36] [main/TRACE] [REI] [REIPlugin END] Reloading Section: "post-stage/RecipeManagerContextImpl/"
[19:34:36] [main/TRACE] [REI] [REIPlugin END] Reloading Section: "post-stage/RecipeManagerContextImpl/" done in 27.26 μs
[19:34:36] [main/TRACE] [REI] [REIPlugin END] Reloading Section: "post-stage/ItemComparatorRegistryImpl/"
[19:34:36] [main/TRACE] [REI] [REIPlugin END] Reloading Section: "post-stage/ItemComparatorRegistryImpl/" done in 25.83 μs
[19:34:36] [main/TRACE] [REI] [REIPlugin END] Reloading Section: "post-stage/FluidComparatorRegistryImpl/"
[19:34:36] [main/TRACE] [REI] [REIPlugin END] Reloading Section: "post-stage/FluidComparatorRegistryImpl/" done in 24.21 μs
[19:34:36] [main/TRACE] [REI] [REIPlugin END] Reloading Section: "post-stage/DisplaySerializerRegistryImpl/"
[19:34:36] [main/TRACE] [REI] [REIPlugin END] Reloading Section: "post-stage/DisplaySerializerRegistryImpl/" done in 24.69 μs
[19:34:36] [main/TRACE] [REI] [REIPlugin END] Reloading Section: "post-stage/FluidSupportProviderImpl/"
[19:34:36] [main/TRACE] [REI] [REIPlugin END] Reloading Section: "post-stage/FluidSupportProviderImpl/" done in 42.01 μs
[19:34:36] [main/TRACE] [REI] [REIPlugin END] Reloading Section: "post-stage/" done in 541.3 μs
[19:34:36] [main/DEBUG] [REI] ========================================
[19:34:36] [main/INFO] [REI] REIPlugin finished post-reload for END in 862.6 μs, totaling 28.90 ms.
[19:34:36] [main/DEBUG] [REI] ========================================
[19:34:36] [main/DEBUG] [REI] ========================================
[19:34:36] [main/DEBUG] [REI] REIServerPlugin starting post-reload for END.
[19:34:36] [main/DEBUG] [REI] Reloadables (2):
[19:34:36] [main/DEBUG] [REI]  - MenuInfoRegistryImpl
[19:34:36] [main/DEBUG] [REI]  - SlotAccessorRegistryImpl
[19:34:36] [main/DEBUG] [REI] Plugins (2):
[19:34:36] [main/DEBUG] [REI]  - (-100.00) DefaultPluginImpl of DefaultPluginImpl [roughlyenoughitems]
[19:34:36] [main/DEBUG] [REI]  - (0.00) DefaultRuntimePlugin of DefaultRuntimePlugin [roughlyenoughitems]
[19:34:36] [main/DEBUG] [REI] ========================================
[19:34:36] [main/TRACE] [REI] [REIServerPlugin END] Reloading Section: "post-register/"
[19:34:36] [main/TRACE] [REI] [REIServerPlugin END] Reloading Section: "post-register/DefaultPluginImpl of DefaultPluginImpl [roughlyenoughitems]/"
[19:34:36] [main/TRACE] [REI] [REIServerPlugin END] Reloading Section: "post-register/DefaultPluginImpl of DefaultPluginImpl [roughlyenoughitems]/" done in 28.88 μs
[19:34:36] [main/TRACE] [REI] [REIServerPlugin END] Reloading Section: "post-register/DefaultRuntimePlugin of DefaultRuntimePlugin [roughlyenoughitems]/"
[19:34:36] [main/TRACE] [REI] [REIServerPlugin END] Reloading Section: "post-register/DefaultRuntimePlugin of DefaultRuntimePlugin [roughlyenoughitems]/" done in 30.62 μs
[19:34:36] [main/TRACE] [REI] [REIServerPlugin END] Reloading Section: "post-register/" done in 244.3 μs
[19:34:36] [main/TRACE] [REI] [REIServerPlugin END] Reloading Section: "post-stage/"
[19:34:36] [main/TRACE] [REI] [REIServerPlugin END] Reloading Section: "post-stage/MenuInfoRegistryImpl/"
[19:34:36] [main/TRACE] [REI] [REIServerPlugin END] Reloading Section: "post-stage/MenuInfoRegistryImpl/" done in 27.94 μs
[19:34:36] [main/TRACE] [REI] [REIServerPlugin END] Reloading Section: "post-stage/SlotAccessorRegistryImpl/"
[19:34:36] [main/TRACE] [REI] [REIServerPlugin END] Reloading Section: "post-stage/SlotAccessorRegistryImpl/" done in 26.75 μs
[19:34:36] [main/TRACE] [REI] [REIServerPlugin END] Reloading Section: "post-stage/" done in 167.8 μs
[19:34:36] [main/DEBUG] [REI] ========================================
[19:34:36] [main/INFO] [REI] REIServerPlugin finished post-reload for END in 488.4 μs, totaling 5.108 ms.
[19:34:36] [main/DEBUG] [REI] ========================================
